{"/home/a10900612/Asignaturas/Entorno_cliente/smartrecipes/version-jquery/js/app.js": {"path":"/home/a10900612/Asignaturas/Entorno_cliente/smartrecipes/version-jquery/js/app.js","statementMap":{"0":{"start":{"line":2,"column":0},"end":{"line":730,"column":3}},"1":{"start":{"line":4,"column":19},"end":{"line":6,"column":20}},"2":{"start":{"line":9,"column":23},"end":{"line":54,"column":8}},"3":{"start":{"line":10,"column":26},"end":{"line":10,"column":41}},"4":{"start":{"line":11,"column":26},"end":{"line":11,"column":41}},"5":{"start":{"line":12,"column":27},"end":{"line":12,"column":43}},"6":{"start":{"line":13,"column":30},"end":{"line":13,"column":49}},"7":{"start":{"line":14,"column":25},"end":{"line":14,"column":39}},"8":{"start":{"line":16,"column":23},"end":{"line":16,"column":60}},"9":{"start":{"line":18,"column":25},"end":{"line":23,"column":9}},"10":{"start":{"line":19,"column":12},"end":{"line":22,"column":26}},"11":{"start":{"line":20,"column":30},"end":{"line":20,"column":88}},"12":{"start":{"line":21,"column":16},"end":{"line":21,"column":44}},"13":{"start":{"line":21,"column":27},"end":{"line":21,"column":44}},"14":{"start":{"line":25,"column":25},"end":{"line":27,"column":9}},"15":{"start":{"line":26,"column":12},"end":{"line":26,"column":96}},"16":{"start":{"line":26,"column":18},"end":{"line":26,"column":81}},"17":{"start":{"line":29,"column":21},"end":{"line":51,"column":9}},"18":{"start":{"line":30,"column":12},"end":{"line":30,"column":23}},"19":{"start":{"line":31,"column":12},"end":{"line":31,"column":42}},"20":{"start":{"line":31,"column":35},"end":{"line":31,"column":42}},"21":{"start":{"line":33,"column":12},"end":{"line":33,"column":41}},"22":{"start":{"line":34,"column":12},"end":{"line":34,"column":43}},"23":{"start":{"line":35,"column":12},"end":{"line":35,"column":49}},"24":{"start":{"line":37,"column":12},"end":{"line":50,"column":15}},"25":{"start":{"line":38,"column":16},"end":{"line":38,"column":35}},"26":{"start":{"line":39,"column":16},"end":{"line":39,"column":55}},"27":{"start":{"line":40,"column":16},"end":{"line":40,"column":57}},"28":{"start":{"line":41,"column":16},"end":{"line":41,"column":63}},"29":{"start":{"line":42,"column":16},"end":{"line":42,"column":27}},"30":{"start":{"line":43,"column":16},"end":{"line":43,"column":85}},"31":{"start":{"line":45,"column":16},"end":{"line":49,"column":30}},"32":{"start":{"line":46,"column":20},"end":{"line":48,"column":21}},"33":{"start":{"line":47,"column":24},"end":{"line":47,"column":66}},"34":{"start":{"line":53,"column":8},"end":{"line":53,"column":49}},"35":{"start":{"line":53,"column":38},"end":{"line":53,"column":46}},"36":{"start":{"line":57,"column":24},"end":{"line":334,"column":8}},"37":{"start":{"line":58,"column":27},"end":{"line":58,"column":43}},"38":{"start":{"line":59,"column":30},"end":{"line":59,"column":49}},"39":{"start":{"line":60,"column":25},"end":{"line":60,"column":38}},"40":{"start":{"line":61,"column":26},"end":{"line":61,"column":41}},"41":{"start":{"line":62,"column":27},"end":{"line":62,"column":43}},"42":{"start":{"line":63,"column":27},"end":{"line":63,"column":43}},"43":{"start":{"line":64,"column":28},"end":{"line":64,"column":45}},"44":{"start":{"line":65,"column":28},"end":{"line":65,"column":45}},"45":{"start":{"line":67,"column":33},"end":{"line":67,"column":35}},"46":{"start":{"line":69,"column":24},"end":{"line":72,"column":9}},"47":{"start":{"line":70,"column":12},"end":{"line":70,"column":66}},"48":{"start":{"line":71,"column":12},"end":{"line":71,"column":77}},"49":{"start":{"line":74,"column":29},"end":{"line":137,"column":9}},"50":{"start":{"line":75,"column":12},"end":{"line":75,"column":31}},"51":{"start":{"line":76,"column":12},"end":{"line":76,"column":34}},"52":{"start":{"line":77,"column":12},"end":{"line":77,"column":88}},"53":{"start":{"line":77,"column":48},"end":{"line":77,"column":88}},"54":{"start":{"line":79,"column":12},"end":{"line":79,"column":42}},"55":{"start":{"line":80,"column":35},"end":{"line":80,"column":76}},"56":{"start":{"line":83,"column":12},"end":{"line":83,"column":39}},"57":{"start":{"line":86,"column":33},"end":{"line":86,"column":35}},"58":{"start":{"line":88,"column":12},"end":{"line":124,"column":15}},"59":{"start":{"line":89,"column":16},"end":{"line":89,"column":68}},"60":{"start":{"line":89,"column":61},"end":{"line":89,"column":68}},"61":{"start":{"line":92,"column":28},"end":{"line":92,"column":39}},"62":{"start":{"line":93,"column":16},"end":{"line":118,"column":18}},"63":{"start":{"line":94,"column":38},"end":{"line":94,"column":107}},"64":{"start":{"line":95,"column":32},"end":{"line":95,"column":139}},"65":{"start":{"line":96,"column":33},"end":{"line":96,"column":106}},"66":{"start":{"line":98,"column":34},"end":{"line":98,"column":67}},"67":{"start":{"line":99,"column":41},"end":{"line":99,"column":88}},"68":{"start":{"line":100,"column":38},"end":{"line":100,"column":106}},"69":{"start":{"line":101,"column":20},"end":{"line":101,"column":51}},"70":{"start":{"line":102,"column":20},"end":{"line":102,"column":47}},"71":{"start":{"line":103,"column":20},"end":{"line":103,"column":82}},"72":{"start":{"line":103,"column":35},"end":{"line":103,"column":82}},"73":{"start":{"line":106,"column":20},"end":{"line":106,"column":44}},"74":{"start":{"line":107,"column":20},"end":{"line":113,"column":23}},"75":{"start":{"line":108,"column":24},"end":{"line":112,"column":25}},"76":{"start":{"line":109,"column":28},"end":{"line":109,"column":47}},"77":{"start":{"line":110,"column":28},"end":{"line":110,"column":54}},"78":{"start":{"line":111,"column":28},"end":{"line":111,"column":62}},"79":{"start":{"line":114,"column":20},"end":{"line":114,"column":43}},"80":{"start":{"line":115,"column":20},"end":{"line":115,"column":45}},"81":{"start":{"line":117,"column":20},"end":{"line":117,"column":62}},"82":{"start":{"line":119,"column":16},"end":{"line":121,"column":18}},"83":{"start":{"line":123,"column":16},"end":{"line":123,"column":39}},"84":{"start":{"line":128,"column":12},"end":{"line":133,"column":20}},"85":{"start":{"line":129,"column":16},"end":{"line":132,"column":17}},"86":{"start":{"line":130,"column":20},"end":{"line":130,"column":53}},"87":{"start":{"line":131,"column":20},"end":{"line":131,"column":88}},"88":{"start":{"line":135,"column":25},"end":{"line":135,"column":50}},"89":{"start":{"line":136,"column":12},"end":{"line":136,"column":97}},"90":{"start":{"line":136,"column":22},"end":{"line":136,"column":97}},"91":{"start":{"line":140,"column":26},"end":{"line":159,"column":9}},"92":{"start":{"line":141,"column":12},"end":{"line":141,"column":50}},"93":{"start":{"line":141,"column":40},"end":{"line":141,"column":50}},"94":{"start":{"line":142,"column":25},"end":{"line":142,"column":63}},"95":{"start":{"line":143,"column":25},"end":{"line":143,"column":39}},"96":{"start":{"line":144,"column":12},"end":{"line":158,"column":13}},"97":{"start":{"line":146,"column":20},"end":{"line":146,"column":121}},"98":{"start":{"line":146,"column":46},"end":{"line":146,"column":119}},"99":{"start":{"line":148,"column":20},"end":{"line":148,"column":121}},"100":{"start":{"line":148,"column":46},"end":{"line":148,"column":119}},"101":{"start":{"line":150,"column":20},"end":{"line":150,"column":99}},"102":{"start":{"line":150,"column":46},"end":{"line":150,"column":97}},"103":{"start":{"line":152,"column":20},"end":{"line":152,"column":99}},"104":{"start":{"line":152,"column":46},"end":{"line":152,"column":97}},"105":{"start":{"line":154,"column":20},"end":{"line":154,"column":109}},"106":{"start":{"line":154,"column":46},"end":{"line":154,"column":107}},"107":{"start":{"line":157,"column":20},"end":{"line":157,"column":32}},"108":{"start":{"line":161,"column":30},"end":{"line":171,"column":9}},"109":{"start":{"line":162,"column":12},"end":{"line":162,"column":31}},"110":{"start":{"line":162,"column":24},"end":{"line":162,"column":31}},"111":{"start":{"line":163,"column":22},"end":{"line":163,"column":48}},"112":{"start":{"line":164,"column":29},"end":{"line":164,"column":95}},"113":{"start":{"line":164,"column":60},"end":{"line":164,"column":94}},"114":{"start":{"line":165,"column":12},"end":{"line":170,"column":13}},"115":{"start":{"line":165,"column":33},"end":{"line":165,"column":56}},"116":{"start":{"line":167,"column":16},"end":{"line":167,"column":35}},"117":{"start":{"line":168,"column":16},"end":{"line":168,"column":49}},"118":{"start":{"line":169,"column":16},"end":{"line":169,"column":97}},"119":{"start":{"line":173,"column":28},"end":{"line":184,"column":9}},"120":{"start":{"line":174,"column":12},"end":{"line":174,"column":26}},"121":{"start":{"line":175,"column":12},"end":{"line":175,"column":74}},"122":{"start":{"line":175,"column":25},"end":{"line":175,"column":74}},"123":{"start":{"line":177,"column":12},"end":{"line":183,"column":95}},"124":{"start":{"line":179,"column":20},"end":{"line":179,"column":35}},"125":{"start":{"line":180,"column":20},"end":{"line":181,"column":90}},"126":{"start":{"line":180,"column":50},"end":{"line":180,"column":70}},"127":{"start":{"line":181,"column":25},"end":{"line":181,"column":90}},"128":{"start":{"line":183,"column":30},"end":{"line":183,"column":45}},"129":{"start":{"line":183,"column":46},"end":{"line":183,"column":91}},"130":{"start":{"line":186,"column":30},"end":{"line":202,"column":9}},"131":{"start":{"line":187,"column":12},"end":{"line":187,"column":34}},"132":{"start":{"line":188,"column":27},"end":{"line":188,"column":73}},"133":{"start":{"line":189,"column":26},"end":{"line":189,"column":61}},"134":{"start":{"line":190,"column":27},"end":{"line":190,"column":115}},"135":{"start":{"line":191,"column":31},"end":{"line":191,"column":105}},"136":{"start":{"line":192,"column":25},"end":{"line":192,"column":154}},"137":{"start":{"line":193,"column":26},"end":{"line":197,"column":89}},"138":{"start":{"line":198,"column":12},"end":{"line":198,"column":46}},"139":{"start":{"line":198,"column":22},"end":{"line":198,"column":46}},"140":{"start":{"line":199,"column":12},"end":{"line":199,"column":37}},"141":{"start":{"line":200,"column":12},"end":{"line":200,"column":45}},"142":{"start":{"line":201,"column":12},"end":{"line":201,"column":69}},"143":{"start":{"line":204,"column":29},"end":{"line":245,"column":9}},"144":{"start":{"line":205,"column":28},"end":{"line":205,"column":77}},"145":{"start":{"line":205,"column":72},"end":{"line":205,"column":76}},"146":{"start":{"line":206,"column":12},"end":{"line":206,"column":75}},"147":{"start":{"line":206,"column":33},"end":{"line":206,"column":75}},"148":{"start":{"line":208,"column":12},"end":{"line":208,"column":31}},"149":{"start":{"line":209,"column":12},"end":{"line":209,"column":26}},"150":{"start":{"line":210,"column":12},"end":{"line":210,"column":34}},"151":{"start":{"line":211,"column":12},"end":{"line":211,"column":42}},"152":{"start":{"line":213,"column":22},"end":{"line":213,"column":96}},"153":{"start":{"line":214,"column":12},"end":{"line":214,"column":81}},"154":{"start":{"line":214,"column":30},"end":{"line":214,"column":81}},"155":{"start":{"line":215,"column":12},"end":{"line":215,"column":42}},"156":{"start":{"line":215,"column":22},"end":{"line":215,"column":42}},"157":{"start":{"line":217,"column":12},"end":{"line":244,"column":101}},"158":{"start":{"line":219,"column":20},"end":{"line":219,"column":35}},"159":{"start":{"line":220,"column":20},"end":{"line":242,"column":21}},"160":{"start":{"line":221,"column":41},"end":{"line":221,"column":131}},"161":{"start":{"line":221,"column":62},"end":{"line":221,"column":130}},"162":{"start":{"line":222,"column":24},"end":{"line":239,"column":27}},"163":{"start":{"line":223,"column":41},"end":{"line":223,"column":99}},"164":{"start":{"line":223,"column":58},"end":{"line":223,"column":62}},"165":{"start":{"line":223,"column":76},"end":{"line":223,"column":98}},"166":{"start":{"line":225,"column":28},"end":{"line":232,"column":29}},"167":{"start":{"line":226,"column":45},"end":{"line":226,"column":68}},"168":{"start":{"line":227,"column":43},"end":{"line":227,"column":79}},"169":{"start":{"line":228,"column":32},"end":{"line":231,"column":35}},"170":{"start":{"line":229,"column":46},"end":{"line":229,"column":84}},"171":{"start":{"line":230,"column":36},"end":{"line":230,"column":64}},"172":{"start":{"line":233,"column":28},"end":{"line":236,"column":29}},"173":{"start":{"line":234,"column":42},"end":{"line":234,"column":76}},"174":{"start":{"line":235,"column":32},"end":{"line":235,"column":96}},"175":{"start":{"line":235,"column":60},"end":{"line":235,"column":94}},"176":{"start":{"line":237,"column":28},"end":{"line":237,"column":64}},"177":{"start":{"line":238,"column":28},"end":{"line":238,"column":49}},"178":{"start":{"line":241,"column":24},"end":{"line":241,"column":43}},"179":{"start":{"line":241,"column":44},"end":{"line":241,"column":77}},"180":{"start":{"line":241,"column":78},"end":{"line":241,"column":140}},"181":{"start":{"line":244,"column":30},"end":{"line":244,"column":45}},"182":{"start":{"line":244,"column":46},"end":{"line":244,"column":97}},"183":{"start":{"line":247,"column":21},"end":{"line":331,"column":9}},"184":{"start":{"line":249,"column":12},"end":{"line":249,"column":26}},"185":{"start":{"line":250,"column":12},"end":{"line":250,"column":95}},"186":{"start":{"line":250,"column":27},"end":{"line":250,"column":42}},"187":{"start":{"line":250,"column":43},"end":{"line":250,"column":85}},"188":{"start":{"line":250,"column":86},"end":{"line":250,"column":93}},"189":{"start":{"line":252,"column":28},"end":{"line":252,"column":30}},"190":{"start":{"line":253,"column":26},"end":{"line":253,"column":123}},"191":{"start":{"line":254,"column":24},"end":{"line":254,"column":33}},"192":{"start":{"line":257,"column":36},"end":{"line":287,"column":13}},"193":{"start":{"line":258,"column":16},"end":{"line":269,"column":17}},"194":{"start":{"line":259,"column":37},"end":{"line":259,"column":70}},"195":{"start":{"line":260,"column":20},"end":{"line":260,"column":132}},"196":{"start":{"line":260,"column":49},"end":{"line":260,"column":64}},"197":{"start":{"line":260,"column":65},"end":{"line":260,"column":122}},"198":{"start":{"line":260,"column":123},"end":{"line":260,"column":130}},"199":{"start":{"line":261,"column":43},"end":{"line":261,"column":136}},"200":{"start":{"line":261,"column":62},"end":{"line":261,"column":135}},"201":{"start":{"line":262,"column":20},"end":{"line":267,"column":129}},"202":{"start":{"line":263,"column":37},"end":{"line":263,"column":95}},"203":{"start":{"line":263,"column":54},"end":{"line":263,"column":58}},"204":{"start":{"line":263,"column":72},"end":{"line":263,"column":94}},"205":{"start":{"line":264,"column":24},"end":{"line":264,"column":60}},"206":{"start":{"line":265,"column":24},"end":{"line":265,"column":39}},"207":{"start":{"line":266,"column":24},"end":{"line":266,"column":45}},"208":{"start":{"line":267,"column":36},"end":{"line":267,"column":51}},"209":{"start":{"line":267,"column":52},"end":{"line":267,"column":125}},"210":{"start":{"line":268,"column":20},"end":{"line":268,"column":27}},"211":{"start":{"line":271,"column":29},"end":{"line":271,"column":37}},"212":{"start":{"line":272,"column":16},"end":{"line":286,"column":54}},"213":{"start":{"line":274,"column":24},"end":{"line":276,"column":25}},"214":{"start":{"line":275,"column":28},"end":{"line":275,"column":72}},"215":{"start":{"line":275,"column":53},"end":{"line":275,"column":70}},"216":{"start":{"line":278,"column":24},"end":{"line":284,"column":25}},"217":{"start":{"line":279,"column":28},"end":{"line":281,"column":66}},"218":{"start":{"line":280,"column":49},"end":{"line":280,"column":156}},"219":{"start":{"line":280,"column":111},"end":{"line":280,"column":156}},"220":{"start":{"line":280,"column":137},"end":{"line":280,"column":154}},"221":{"start":{"line":280,"column":157},"end":{"line":280,"column":178}},"222":{"start":{"line":281,"column":44},"end":{"line":281,"column":64}},"223":{"start":{"line":283,"column":28},"end":{"line":283,"column":49}},"224":{"start":{"line":286,"column":32},"end":{"line":286,"column":52}},"225":{"start":{"line":289,"column":12},"end":{"line":289,"column":31}},"226":{"start":{"line":293,"column":12},"end":{"line":303,"column":15}},"227":{"start":{"line":294,"column":30},"end":{"line":294,"column":40}},"228":{"start":{"line":295,"column":33},"end":{"line":295,"column":73}},"229":{"start":{"line":296,"column":16},"end":{"line":302,"column":17}},"230":{"start":{"line":297,"column":20},"end":{"line":297,"column":45}},"231":{"start":{"line":298,"column":20},"end":{"line":298,"column":83}},"232":{"start":{"line":300,"column":20},"end":{"line":300,"column":48}},"233":{"start":{"line":301,"column":20},"end":{"line":301,"column":82}},"234":{"start":{"line":306,"column":12},"end":{"line":311,"column":15}},"235":{"start":{"line":307,"column":29},"end":{"line":307,"column":48}},"236":{"start":{"line":308,"column":33},"end":{"line":308,"column":73}},"237":{"start":{"line":309,"column":16},"end":{"line":309,"column":75}},"238":{"start":{"line":310,"column":16},"end":{"line":310,"column":92}},"239":{"start":{"line":313,"column":12},"end":{"line":321,"column":15}},"240":{"start":{"line":314,"column":16},"end":{"line":314,"column":35}},"241":{"start":{"line":315,"column":30},"end":{"line":315,"column":54}},"242":{"start":{"line":316,"column":29},"end":{"line":316,"column":53}},"243":{"start":{"line":317,"column":31},"end":{"line":317,"column":65}},"244":{"start":{"line":318,"column":30},"end":{"line":318,"column":62}},"245":{"start":{"line":319,"column":29},"end":{"line":319,"column":52}},"246":{"start":{"line":320,"column":16},"end":{"line":320,"column":67}},"247":{"start":{"line":324,"column":12},"end":{"line":328,"column":15}},"248":{"start":{"line":325,"column":16},"end":{"line":327,"column":17}},"249":{"start":{"line":326,"column":20},"end":{"line":326,"column":61}},"250":{"start":{"line":333,"column":8},"end":{"line":333,"column":66}},"251":{"start":{"line":337,"column":23},"end":{"line":640,"column":8}},"252":{"start":{"line":338,"column":26},"end":{"line":338,"column":41}},"253":{"start":{"line":339,"column":28},"end":{"line":339,"column":45}},"254":{"start":{"line":340,"column":27},"end":{"line":340,"column":43}},"255":{"start":{"line":341,"column":28},"end":{"line":341,"column":45}},"256":{"start":{"line":342,"column":30},"end":{"line":342,"column":49}},"257":{"start":{"line":343,"column":26},"end":{"line":343,"column":41}},"258":{"start":{"line":344,"column":27},"end":{"line":344,"column":43}},"259":{"start":{"line":345,"column":30},"end":{"line":345,"column":50}},"260":{"start":{"line":348,"column":23},"end":{"line":348,"column":27}},"261":{"start":{"line":349,"column":28},"end":{"line":349,"column":32}},"262":{"start":{"line":350,"column":23},"end":{"line":350,"column":27}},"263":{"start":{"line":351,"column":29},"end":{"line":351,"column":33}},"264":{"start":{"line":354,"column":20},"end":{"line":365,"column":9}},"265":{"start":{"line":367,"column":27},"end":{"line":371,"column":9}},"266":{"start":{"line":373,"column":22},"end":{"line":373,"column":62}},"267":{"start":{"line":376,"column":25},"end":{"line":394,"column":9}},"268":{"start":{"line":377,"column":12},"end":{"line":377,"column":33}},"269":{"start":{"line":377,"column":26},"end":{"line":377,"column":33}},"270":{"start":{"line":378,"column":30},"end":{"line":378,"column":148}},"271":{"start":{"line":379,"column":12},"end":{"line":379,"column":109}},"272":{"start":{"line":380,"column":12},"end":{"line":380,"column":202}},"273":{"start":{"line":381,"column":29},"end":{"line":381,"column":66}},"274":{"start":{"line":382,"column":12},"end":{"line":382,"column":86}},"275":{"start":{"line":382,"column":31},"end":{"line":382,"column":84}},"276":{"start":{"line":383,"column":12},"end":{"line":383,"column":102}},"277":{"start":{"line":384,"column":12},"end":{"line":384,"column":99}},"278":{"start":{"line":386,"column":12},"end":{"line":386,"column":74}},"279":{"start":{"line":387,"column":12},"end":{"line":387,"column":41}},"280":{"start":{"line":388,"column":12},"end":{"line":388,"column":45}},"281":{"start":{"line":391,"column":12},"end":{"line":391,"column":84}},"282":{"start":{"line":391,"column":46},"end":{"line":391,"column":80}},"283":{"start":{"line":392,"column":12},"end":{"line":392,"column":73}},"284":{"start":{"line":392,"column":41},"end":{"line":392,"column":69}},"285":{"start":{"line":393,"column":12},"end":{"line":393,"column":46}},"286":{"start":{"line":396,"column":27},"end":{"line":396,"column":39}},"287":{"start":{"line":396,"column":32},"end":{"line":396,"column":39}},"288":{"start":{"line":399,"column":32},"end":{"line":401,"column":9}},"289":{"start":{"line":400,"column":12},"end":{"line":400,"column":116}},"290":{"start":{"line":400,"column":18},"end":{"line":400,"column":89}},"291":{"start":{"line":400,"column":104},"end":{"line":400,"column":114}},"292":{"start":{"line":402,"column":32},"end":{"line":409,"column":9}},"293":{"start":{"line":403,"column":23},"end":{"line":403,"column":40}},"294":{"start":{"line":404,"column":12},"end":{"line":404,"column":27}},"295":{"start":{"line":405,"column":12},"end":{"line":405,"column":48}},"296":{"start":{"line":405,"column":29},"end":{"line":405,"column":46}},"297":{"start":{"line":406,"column":24},"end":{"line":406,"column":39}},"298":{"start":{"line":407,"column":12},"end":{"line":407,"column":98}},"299":{"start":{"line":407,"column":18},"end":{"line":407,"column":83}},"300":{"start":{"line":408,"column":12},"end":{"line":408,"column":32}},"301":{"start":{"line":410,"column":34},"end":{"line":418,"column":9}},"302":{"start":{"line":411,"column":12},"end":{"line":411,"column":40}},"303":{"start":{"line":411,"column":33},"end":{"line":411,"column":40}},"304":{"start":{"line":412,"column":23},"end":{"line":412,"column":40}},"305":{"start":{"line":413,"column":12},"end":{"line":413,"column":111}},"306":{"start":{"line":413,"column":35},"end":{"line":413,"column":101}},"307":{"start":{"line":413,"column":102},"end":{"line":413,"column":109}},"308":{"start":{"line":414,"column":25},"end":{"line":414,"column":66}},"309":{"start":{"line":415,"column":12},"end":{"line":415,"column":100}},"310":{"start":{"line":415,"column":28},"end":{"line":415,"column":98}},"311":{"start":{"line":416,"column":12},"end":{"line":416,"column":31}},"312":{"start":{"line":417,"column":12},"end":{"line":417,"column":47}},"313":{"start":{"line":420,"column":27},"end":{"line":435,"column":9}},"314":{"start":{"line":421,"column":12},"end":{"line":421,"column":25}},"315":{"start":{"line":422,"column":24},"end":{"line":422,"column":73}},"316":{"start":{"line":423,"column":12},"end":{"line":423,"column":38}},"317":{"start":{"line":424,"column":12},"end":{"line":424,"column":40}},"318":{"start":{"line":425,"column":12},"end":{"line":425,"column":67}},"319":{"start":{"line":426,"column":12},"end":{"line":426,"column":29}},"320":{"start":{"line":427,"column":12},"end":{"line":434,"column":21}},"321":{"start":{"line":428,"column":16},"end":{"line":428,"column":36}},"322":{"start":{"line":429,"column":16},"end":{"line":429,"column":71}},"323":{"start":{"line":430,"column":16},"end":{"line":433,"column":17}},"324":{"start":{"line":431,"column":20},"end":{"line":431,"column":33}},"325":{"start":{"line":432,"column":20},"end":{"line":432,"column":31}},"326":{"start":{"line":436,"column":27},"end":{"line":436,"column":107}},"327":{"start":{"line":436,"column":35},"end":{"line":436,"column":83}},"328":{"start":{"line":436,"column":54},"end":{"line":436,"column":83}},"329":{"start":{"line":436,"column":84},"end":{"line":436,"column":105}},"330":{"start":{"line":438,"column":31},"end":{"line":441,"column":9}},"331":{"start":{"line":439,"column":12},"end":{"line":439,"column":34}},"332":{"start":{"line":439,"column":27},"end":{"line":439,"column":34}},"333":{"start":{"line":440,"column":12},"end":{"line":440,"column":56}},"334":{"start":{"line":443,"column":25},"end":{"line":448,"column":9}},"335":{"start":{"line":444,"column":12},"end":{"line":444,"column":65}},"336":{"start":{"line":445,"column":12},"end":{"line":445,"column":29}},"337":{"start":{"line":446,"column":12},"end":{"line":446,"column":66}},"338":{"start":{"line":447,"column":12},"end":{"line":447,"column":44}},"339":{"start":{"line":451,"column":25},"end":{"line":500,"column":9}},"340":{"start":{"line":452,"column":12},"end":{"line":452,"column":94}},"341":{"start":{"line":452,"column":30},"end":{"line":452,"column":94}},"342":{"start":{"line":453,"column":25},"end":{"line":453,"column":35}},"343":{"start":{"line":454,"column":25},"end":{"line":454,"column":26}},"344":{"start":{"line":454,"column":37},"end":{"line":454,"column":42}},"345":{"start":{"line":454,"column":54},"end":{"line":454,"column":56}},"346":{"start":{"line":455,"column":29},"end":{"line":455,"column":62}},"347":{"start":{"line":456,"column":30},"end":{"line":456,"column":73}},"348":{"start":{"line":457,"column":31},"end":{"line":457,"column":69}},"349":{"start":{"line":459,"column":12},"end":{"line":496,"column":13}},"350":{"start":{"line":460,"column":31},"end":{"line":460,"column":66}},"351":{"start":{"line":461,"column":26},"end":{"line":461,"column":50}},"352":{"start":{"line":462,"column":29},"end":{"line":462,"column":49}},"353":{"start":{"line":463,"column":16},"end":{"line":466,"column":77}},"354":{"start":{"line":463,"column":34},"end":{"line":463,"column":58}},"355":{"start":{"line":463,"column":59},"end":{"line":463,"column":69}},"356":{"start":{"line":463,"column":70},"end":{"line":463,"column":101}},"357":{"start":{"line":464,"column":21},"end":{"line":466,"column":77}},"358":{"start":{"line":464,"column":38},"end":{"line":464,"column":62}},"359":{"start":{"line":464,"column":63},"end":{"line":464,"column":73}},"360":{"start":{"line":464,"column":74},"end":{"line":464,"column":113}},"361":{"start":{"line":465,"column":21},"end":{"line":466,"column":77}},"362":{"start":{"line":465,"column":38},"end":{"line":465,"column":76}},"363":{"start":{"line":465,"column":77},"end":{"line":465,"column":87}},"364":{"start":{"line":465,"column":88},"end":{"line":465,"column":122}},"365":{"start":{"line":466,"column":23},"end":{"line":466,"column":34}},"366":{"start":{"line":466,"column":35},"end":{"line":466,"column":75}},"367":{"start":{"line":467,"column":19},"end":{"line":496,"column":13}},"368":{"start":{"line":468,"column":28},"end":{"line":468,"column":70}},"369":{"start":{"line":469,"column":16},"end":{"line":473,"column":17}},"370":{"start":{"line":469,"column":28},"end":{"line":469,"column":69}},"371":{"start":{"line":471,"column":20},"end":{"line":472,"column":104}},"372":{"start":{"line":471,"column":69},"end":{"line":471,"column":93}},"373":{"start":{"line":471,"column":94},"end":{"line":471,"column":104}},"374":{"start":{"line":471,"column":105},"end":{"line":471,"column":157}},"375":{"start":{"line":472,"column":27},"end":{"line":472,"column":38}},"376":{"start":{"line":472,"column":39},"end":{"line":472,"column":102}},"377":{"start":{"line":474,"column":19},"end":{"line":496,"column":13}},"378":{"start":{"line":476,"column":39},"end":{"line":476,"column":41}},"379":{"start":{"line":477,"column":16},"end":{"line":477,"column":82}},"380":{"start":{"line":477,"column":41},"end":{"line":477,"column":82}},"381":{"start":{"line":478,"column":16},"end":{"line":478,"column":84}},"382":{"start":{"line":478,"column":42},"end":{"line":478,"column":84}},"383":{"start":{"line":479,"column":16},"end":{"line":479,"column":76}},"384":{"start":{"line":479,"column":38},"end":{"line":479,"column":76}},"385":{"start":{"line":480,"column":16},"end":{"line":480,"column":78}},"386":{"start":{"line":480,"column":39},"end":{"line":480,"column":78}},"387":{"start":{"line":482,"column":34},"end":{"line":482,"column":89}},"388":{"start":{"line":483,"column":16},"end":{"line":487,"column":17}},"389":{"start":{"line":483,"column":34},"end":{"line":483,"column":100}},"390":{"start":{"line":485,"column":20},"end":{"line":486,"column":80}},"391":{"start":{"line":485,"column":87},"end":{"line":485,"column":111}},"392":{"start":{"line":485,"column":112},"end":{"line":485,"column":122}},"393":{"start":{"line":485,"column":123},"end":{"line":485,"column":165}},"394":{"start":{"line":486,"column":27},"end":{"line":486,"column":38}},"395":{"start":{"line":486,"column":39},"end":{"line":486,"column":78}},"396":{"start":{"line":490,"column":32},"end":{"line":490,"column":98}},"397":{"start":{"line":491,"column":16},"end":{"line":495,"column":17}},"398":{"start":{"line":491,"column":32},"end":{"line":491,"column":69}},"399":{"start":{"line":493,"column":20},"end":{"line":494,"column":77}},"400":{"start":{"line":493,"column":81},"end":{"line":493,"column":105}},"401":{"start":{"line":493,"column":106},"end":{"line":493,"column":116}},"402":{"start":{"line":493,"column":117},"end":{"line":493,"column":147}},"403":{"start":{"line":494,"column":27},"end":{"line":494,"column":38}},"404":{"start":{"line":494,"column":39},"end":{"line":494,"column":75}},"405":{"start":{"line":498,"column":12},"end":{"line":498,"column":53}},"406":{"start":{"line":499,"column":12},"end":{"line":499,"column":39}},"407":{"start":{"line":503,"column":28},"end":{"line":518,"column":9}},"408":{"start":{"line":504,"column":12},"end":{"line":504,"column":87}},"409":{"start":{"line":504,"column":30},"end":{"line":504,"column":87}},"410":{"start":{"line":505,"column":12},"end":{"line":505,"column":89}},"411":{"start":{"line":505,"column":38},"end":{"line":505,"column":89}},"412":{"start":{"line":506,"column":22},"end":{"line":506,"column":37}},"413":{"start":{"line":508,"column":25},"end":{"line":508,"column":27}},"414":{"start":{"line":509,"column":12},"end":{"line":509,"column":84}},"415":{"start":{"line":509,"column":35},"end":{"line":509,"column":84}},"416":{"start":{"line":510,"column":12},"end":{"line":510,"column":90}},"417":{"start":{"line":510,"column":37},"end":{"line":510,"column":90}},"418":{"start":{"line":511,"column":12},"end":{"line":511,"column":101}},"419":{"start":{"line":511,"column":36},"end":{"line":511,"column":101}},"420":{"start":{"line":512,"column":12},"end":{"line":512,"column":99}},"421":{"start":{"line":512,"column":40},"end":{"line":512,"column":99}},"422":{"start":{"line":513,"column":12},"end":{"line":513,"column":110}},"423":{"start":{"line":513,"column":35},"end":{"line":513,"column":110}},"424":{"start":{"line":514,"column":25},"end":{"line":514,"column":70}},"425":{"start":{"line":515,"column":12},"end":{"line":515,"column":33}},"426":{"start":{"line":516,"column":12},"end":{"line":516,"column":29}},"427":{"start":{"line":517,"column":12},"end":{"line":517,"column":63}},"428":{"start":{"line":521,"column":27},"end":{"line":563,"column":9}},"429":{"start":{"line":522,"column":12},"end":{"line":522,"column":95}},"430":{"start":{"line":522,"column":30},"end":{"line":522,"column":95}},"431":{"start":{"line":523,"column":12},"end":{"line":523,"column":29}},"432":{"start":{"line":524,"column":12},"end":{"line":524,"column":23}},"433":{"start":{"line":525,"column":12},"end":{"line":525,"column":25}},"434":{"start":{"line":527,"column":25},"end":{"line":527,"column":35}},"435":{"start":{"line":528,"column":12},"end":{"line":559,"column":13}},"436":{"start":{"line":529,"column":16},"end":{"line":529,"column":110}},"437":{"start":{"line":530,"column":16},"end":{"line":530,"column":96}},"438":{"start":{"line":531,"column":19},"end":{"line":559,"column":13}},"439":{"start":{"line":532,"column":16},"end":{"line":532,"column":128}},"440":{"start":{"line":533,"column":16},"end":{"line":533,"column":99}},"441":{"start":{"line":534,"column":19},"end":{"line":559,"column":13}},"442":{"start":{"line":535,"column":16},"end":{"line":535,"column":127}},"443":{"start":{"line":536,"column":16},"end":{"line":536,"column":98}},"444":{"start":{"line":539,"column":32},"end":{"line":539,"column":49}},"445":{"start":{"line":540,"column":32},"end":{"line":540,"column":41}},"446":{"start":{"line":543,"column":29},"end":{"line":543,"column":64}},"447":{"start":{"line":545,"column":16},"end":{"line":545,"column":94}},"448":{"start":{"line":545,"column":27},"end":{"line":545,"column":28}},"449":{"start":{"line":545,"column":38},"end":{"line":545,"column":94}},"450":{"start":{"line":547,"column":33},"end":{"line":547,"column":70}},"451":{"start":{"line":547,"column":52},"end":{"line":547,"column":69}},"452":{"start":{"line":548,"column":27},"end":{"line":548,"column":107}},"453":{"start":{"line":549,"column":16},"end":{"line":549,"column":122}},"454":{"start":{"line":549,"column":38},"end":{"line":549,"column":120}},"455":{"start":{"line":550,"column":16},"end":{"line":550,"column":39}},"456":{"start":{"line":551,"column":16},"end":{"line":551,"column":109}},"457":{"start":{"line":553,"column":16},"end":{"line":557,"column":19}},"458":{"start":{"line":554,"column":35},"end":{"line":554,"column":57}},"459":{"start":{"line":555,"column":32},"end":{"line":555,"column":48}},"460":{"start":{"line":556,"column":20},"end":{"line":556,"column":36}},"461":{"start":{"line":558,"column":16},"end":{"line":558,"column":23}},"462":{"start":{"line":561,"column":12},"end":{"line":561,"column":35}},"463":{"start":{"line":562,"column":12},"end":{"line":562,"column":31}},"464":{"start":{"line":565,"column":27},"end":{"line":581,"column":9}},"465":{"start":{"line":566,"column":12},"end":{"line":566,"column":25}},"466":{"start":{"line":567,"column":12},"end":{"line":572,"column":13}},"467":{"start":{"line":568,"column":16},"end":{"line":568,"column":45}},"468":{"start":{"line":569,"column":16},"end":{"line":569,"column":34}},"469":{"start":{"line":571,"column":16},"end":{"line":571,"column":33}},"470":{"start":{"line":573,"column":12},"end":{"line":573,"column":79}},"471":{"start":{"line":574,"column":12},"end":{"line":574,"column":44}},"472":{"start":{"line":575,"column":12},"end":{"line":575,"column":93}},"473":{"start":{"line":577,"column":12},"end":{"line":580,"column":13}},"474":{"start":{"line":578,"column":29},"end":{"line":578,"column":64}},"475":{"start":{"line":579,"column":16},"end":{"line":579,"column":97}},"476":{"start":{"line":583,"column":28},"end":{"line":588,"column":9}},"477":{"start":{"line":584,"column":24},"end":{"line":584,"column":47}},"478":{"start":{"line":585,"column":12},"end":{"line":585,"column":92}},"479":{"start":{"line":585,"column":22},"end":{"line":585,"column":92}},"480":{"start":{"line":586,"column":24},"end":{"line":586,"column":37}},"481":{"start":{"line":587,"column":12},"end":{"line":587,"column":28}},"482":{"start":{"line":590,"column":32},"end":{"line":600,"column":9}},"483":{"start":{"line":591,"column":12},"end":{"line":591,"column":32}},"484":{"start":{"line":592,"column":12},"end":{"line":592,"column":23}},"485":{"start":{"line":593,"column":12},"end":{"line":593,"column":44}},"486":{"start":{"line":595,"column":27},"end":{"line":595,"column":85}},"487":{"start":{"line":596,"column":29},"end":{"line":596,"column":199}},"488":{"start":{"line":597,"column":12},"end":{"line":597,"column":39}},"489":{"start":{"line":598,"column":12},"end":{"line":598,"column":32}},"490":{"start":{"line":599,"column":12},"end":{"line":599,"column":25}},"491":{"start":{"line":603,"column":34},"end":{"line":614,"column":9}},"492":{"start":{"line":604,"column":12},"end":{"line":604,"column":67}},"493":{"start":{"line":604,"column":24},"end":{"line":604,"column":67}},"494":{"start":{"line":605,"column":12},"end":{"line":605,"column":78}},"495":{"start":{"line":605,"column":25},"end":{"line":605,"column":78}},"496":{"start":{"line":606,"column":22},"end":{"line":606,"column":34}},"497":{"start":{"line":607,"column":12},"end":{"line":612,"column":56}},"498":{"start":{"line":609,"column":20},"end":{"line":610,"column":85}},"499":{"start":{"line":609,"column":58},"end":{"line":609,"column":74}},"500":{"start":{"line":610,"column":25},"end":{"line":610,"column":85}},"501":{"start":{"line":612,"column":28},"end":{"line":612,"column":54}},"502":{"start":{"line":613,"column":12},"end":{"line":613,"column":31}},"503":{"start":{"line":616,"column":26},"end":{"line":616,"column":143}},"504":{"start":{"line":616,"column":34},"end":{"line":616,"column":53}},"505":{"start":{"line":616,"column":54},"end":{"line":616,"column":83}},"506":{"start":{"line":616,"column":84},"end":{"line":616,"column":107}},"507":{"start":{"line":616,"column":108},"end":{"line":616,"column":127}},"508":{"start":{"line":616,"column":128},"end":{"line":616,"column":141}},"509":{"start":{"line":617,"column":26},"end":{"line":617,"column":312}},"510":{"start":{"line":617,"column":34},"end":{"line":617,"column":193}},"511":{"start":{"line":617,"column":194},"end":{"line":617,"column":218}},"512":{"start":{"line":617,"column":219},"end":{"line":617,"column":248}},"513":{"start":{"line":617,"column":249},"end":{"line":617,"column":289}},"514":{"start":{"line":617,"column":290},"end":{"line":617,"column":310}},"515":{"start":{"line":619,"column":21},"end":{"line":637,"column":9}},"516":{"start":{"line":620,"column":12},"end":{"line":620,"column":23}},"517":{"start":{"line":621,"column":12},"end":{"line":621,"column":62}},"518":{"start":{"line":622,"column":12},"end":{"line":622,"column":71}},"519":{"start":{"line":622,"column":55},"end":{"line":622,"column":67}},"520":{"start":{"line":623,"column":12},"end":{"line":623,"column":59}},"521":{"start":{"line":625,"column":12},"end":{"line":635,"column":15}},"522":{"start":{"line":626,"column":30},"end":{"line":626,"column":65}},"523":{"start":{"line":627,"column":16},"end":{"line":627,"column":95}},"524":{"start":{"line":627,"column":30},"end":{"line":627,"column":85}},"525":{"start":{"line":627,"column":86},"end":{"line":627,"column":93}},"526":{"start":{"line":628,"column":16},"end":{"line":628,"column":50}},"527":{"start":{"line":629,"column":16},"end":{"line":634,"column":19}},"528":{"start":{"line":630,"column":20},"end":{"line":630,"column":39}},"529":{"start":{"line":631,"column":20},"end":{"line":631,"column":75}},"530":{"start":{"line":633,"column":20},"end":{"line":633,"column":80}},"531":{"start":{"line":636,"column":12},"end":{"line":636,"column":32}},"532":{"start":{"line":639,"column":8},"end":{"line":639,"column":41}},"533":{"start":{"line":643,"column":27},"end":{"line":698,"column":8}},"534":{"start":{"line":644,"column":24},"end":{"line":644,"column":43}},"535":{"start":{"line":645,"column":24},"end":{"line":645,"column":37}},"536":{"start":{"line":646,"column":25},"end":{"line":646,"column":39}},"537":{"start":{"line":647,"column":24},"end":{"line":647,"column":37}},"538":{"start":{"line":648,"column":23},"end":{"line":648,"column":35}},"539":{"start":{"line":649,"column":25},"end":{"line":649,"column":39}},"540":{"start":{"line":651,"column":8},"end":{"line":658,"column":22}},"541":{"start":{"line":652,"column":26},"end":{"line":652,"column":89}},"542":{"start":{"line":653,"column":12},"end":{"line":657,"column":13}},"543":{"start":{"line":654,"column":16},"end":{"line":654,"column":46}},"544":{"start":{"line":655,"column":16},"end":{"line":655,"column":48}},"545":{"start":{"line":656,"column":16},"end":{"line":656,"column":46}},"546":{"start":{"line":660,"column":26},"end":{"line":667,"column":9}},"547":{"start":{"line":661,"column":26},"end":{"line":665,"column":13}},"548":{"start":{"line":666,"column":12},"end":{"line":666,"column":98}},"549":{"start":{"line":666,"column":18},"end":{"line":666,"column":83}},"550":{"start":{"line":669,"column":21},"end":{"line":695,"column":9}},"551":{"start":{"line":670,"column":12},"end":{"line":670,"column":40}},"552":{"start":{"line":670,"column":33},"end":{"line":670,"column":40}},"553":{"start":{"line":672,"column":12},"end":{"line":685,"column":15}},"554":{"start":{"line":673,"column":16},"end":{"line":673,"column":35}},"555":{"start":{"line":674,"column":29},"end":{"line":674,"column":49}},"556":{"start":{"line":675,"column":29},"end":{"line":675,"column":49}},"557":{"start":{"line":676,"column":16},"end":{"line":679,"column":17}},"558":{"start":{"line":677,"column":20},"end":{"line":677,"column":82}},"559":{"start":{"line":678,"column":20},"end":{"line":678,"column":27}},"560":{"start":{"line":682,"column":16},"end":{"line":682,"column":90}},"561":{"start":{"line":683,"column":16},"end":{"line":683,"column":35}},"562":{"start":{"line":684,"column":16},"end":{"line":684,"column":61}},"563":{"start":{"line":687,"column":12},"end":{"line":691,"column":15}},"564":{"start":{"line":688,"column":16},"end":{"line":688,"column":35}},"565":{"start":{"line":689,"column":16},"end":{"line":689,"column":32}},"566":{"start":{"line":690,"column":16},"end":{"line":690,"column":61}},"567":{"start":{"line":694,"column":12},"end":{"line":694,"column":43}},"568":{"start":{"line":697,"column":8},"end":{"line":697,"column":24}},"569":{"start":{"line":701,"column":23},"end":{"line":722,"column":8}},"570":{"start":{"line":702,"column":22},"end":{"line":702,"column":57}},"571":{"start":{"line":703,"column":24},"end":{"line":703,"column":46}},"572":{"start":{"line":705,"column":21},"end":{"line":719,"column":9}},"573":{"start":{"line":706,"column":12},"end":{"line":718,"column":15}},"574":{"start":{"line":707,"column":16},"end":{"line":717,"column":17}},"575":{"start":{"line":708,"column":20},"end":{"line":708,"column":39}},"576":{"start":{"line":709,"column":34},"end":{"line":709,"column":41}},"577":{"start":{"line":710,"column":35},"end":{"line":710,"column":62}},"578":{"start":{"line":712,"column":20},"end":{"line":712,"column":57}},"579":{"start":{"line":713,"column":20},"end":{"line":713,"column":49}},"580":{"start":{"line":715,"column":20},"end":{"line":715,"column":56}},"581":{"start":{"line":716,"column":20},"end":{"line":716,"column":65}},"582":{"start":{"line":721,"column":8},"end":{"line":721,"column":24}},"583":{"start":{"line":725,"column":4},"end":{"line":725,"column":22}},"584":{"start":{"line":726,"column":4},"end":{"line":726,"column":23}},"585":{"start":{"line":727,"column":4},"end":{"line":727,"column":22}},"586":{"start":{"line":728,"column":4},"end":{"line":728,"column":26}},"587":{"start":{"line":729,"column":4},"end":{"line":729,"column":22}}},"fnMap":{"0":{"name":"(anonymous_0)","decl":{"start":{"line":2,"column":18},"end":{"line":2,"column":19}},"loc":{"start":{"line":2,"column":30},"end":{"line":730,"column":1}},"line":2},"1":{"name":"(anonymous_1)","decl":{"start":{"line":9,"column":24},"end":{"line":9,"column":25}},"loc":{"start":{"line":9,"column":30},"end":{"line":54,"column":5}},"line":9},"2":{"name":"(anonymous_2)","decl":{"start":{"line":18,"column":25},"end":{"line":18,"column":26}},"loc":{"start":{"line":18,"column":31},"end":{"line":23,"column":9}},"line":18},"3":{"name":"(anonymous_3)","decl":{"start":{"line":25,"column":25},"end":{"line":25,"column":26}},"loc":{"start":{"line":25,"column":31},"end":{"line":27,"column":9}},"line":25},"4":{"name":"(anonymous_4)","decl":{"start":{"line":29,"column":21},"end":{"line":29,"column":22}},"loc":{"start":{"line":29,"column":27},"end":{"line":51,"column":9}},"line":29},"5":{"name":"(anonymous_5)","decl":{"start":{"line":37,"column":35},"end":{"line":37,"column":36}},"loc":{"start":{"line":37,"column":40},"end":{"line":50,"column":13}},"line":37},"6":{"name":"(anonymous_6)","decl":{"start":{"line":53,"column":32},"end":{"line":53,"column":33}},"loc":{"start":{"line":53,"column":38},"end":{"line":53,"column":46}},"line":53},"7":{"name":"(anonymous_7)","decl":{"start":{"line":57,"column":25},"end":{"line":57,"column":26}},"loc":{"start":{"line":57,"column":31},"end":{"line":334,"column":5}},"line":57},"8":{"name":"(anonymous_8)","decl":{"start":{"line":69,"column":24},"end":{"line":69,"column":25}},"loc":{"start":{"line":69,"column":32},"end":{"line":72,"column":9}},"line":69},"9":{"name":"(anonymous_9)","decl":{"start":{"line":74,"column":29},"end":{"line":74,"column":30}},"loc":{"start":{"line":74,"column":39},"end":{"line":137,"column":9}},"line":74},"10":{"name":"(anonymous_10)","decl":{"start":{"line":88,"column":27},"end":{"line":88,"column":28}},"loc":{"start":{"line":88,"column":36},"end":{"line":124,"column":13}},"line":88},"11":{"name":"(anonymous_11)","decl":{"start":{"line":93,"column":29},"end":{"line":93,"column":30}},"loc":{"start":{"line":93,"column":40},"end":{"line":118,"column":17}},"line":93},"12":{"name":"(anonymous_12)","decl":{"start":{"line":107,"column":44},"end":{"line":107,"column":45}},"loc":{"start":{"line":107,"column":49},"end":{"line":113,"column":21}},"line":107},"13":{"name":"(anonymous_13)","decl":{"start":{"line":119,"column":30},"end":{"line":119,"column":31}},"loc":{"start":{"line":119,"column":41},"end":{"line":121,"column":17}},"line":119},"14":{"name":"(anonymous_14)","decl":{"start":{"line":128,"column":23},"end":{"line":128,"column":24}},"loc":{"start":{"line":128,"column":29},"end":{"line":133,"column":13}},"line":128},"15":{"name":"(anonymous_15)","decl":{"start":{"line":140,"column":26},"end":{"line":140,"column":27}},"loc":{"start":{"line":140,"column":38},"end":{"line":159,"column":9}},"line":140},"16":{"name":"(anonymous_16)","decl":{"start":{"line":146,"column":37},"end":{"line":146,"column":38}},"loc":{"start":{"line":146,"column":46},"end":{"line":146,"column":119}},"line":146},"17":{"name":"(anonymous_17)","decl":{"start":{"line":148,"column":37},"end":{"line":148,"column":38}},"loc":{"start":{"line":148,"column":46},"end":{"line":148,"column":119}},"line":148},"18":{"name":"(anonymous_18)","decl":{"start":{"line":150,"column":37},"end":{"line":150,"column":38}},"loc":{"start":{"line":150,"column":46},"end":{"line":150,"column":97}},"line":150},"19":{"name":"(anonymous_19)","decl":{"start":{"line":152,"column":37},"end":{"line":152,"column":38}},"loc":{"start":{"line":152,"column":46},"end":{"line":152,"column":97}},"line":152},"20":{"name":"(anonymous_20)","decl":{"start":{"line":154,"column":37},"end":{"line":154,"column":38}},"loc":{"start":{"line":154,"column":46},"end":{"line":154,"column":107}},"line":154},"21":{"name":"(anonymous_21)","decl":{"start":{"line":161,"column":30},"end":{"line":161,"column":31}},"loc":{"start":{"line":161,"column":39},"end":{"line":171,"column":9}},"line":161},"22":{"name":"(anonymous_22)","decl":{"start":{"line":164,"column":55},"end":{"line":164,"column":56}},"loc":{"start":{"line":164,"column":60},"end":{"line":164,"column":94}},"line":164},"23":{"name":"(anonymous_23)","decl":{"start":{"line":173,"column":28},"end":{"line":173,"column":29}},"loc":{"start":{"line":173,"column":34},"end":{"line":184,"column":9}},"line":173},"24":{"name":"(anonymous_24)","decl":{"start":{"line":178,"column":22},"end":{"line":178,"column":23}},"loc":{"start":{"line":178,"column":30},"end":{"line":182,"column":17}},"line":178},"25":{"name":"(anonymous_25)","decl":{"start":{"line":183,"column":22},"end":{"line":183,"column":23}},"loc":{"start":{"line":183,"column":28},"end":{"line":183,"column":93}},"line":183},"26":{"name":"(anonymous_26)","decl":{"start":{"line":186,"column":30},"end":{"line":186,"column":31}},"loc":{"start":{"line":186,"column":35},"end":{"line":202,"column":9}},"line":186},"27":{"name":"(anonymous_27)","decl":{"start":{"line":204,"column":29},"end":{"line":204,"column":30}},"loc":{"start":{"line":204,"column":60},"end":{"line":245,"column":9}},"line":204},"28":{"name":"(anonymous_28)","decl":{"start":{"line":205,"column":66},"end":{"line":205,"column":67}},"loc":{"start":{"line":205,"column":72},"end":{"line":205,"column":76}},"line":205},"29":{"name":"(anonymous_29)","decl":{"start":{"line":218,"column":22},"end":{"line":218,"column":23}},"loc":{"start":{"line":218,"column":30},"end":{"line":243,"column":17}},"line":218},"30":{"name":"(anonymous_30)","decl":{"start":{"line":221,"column":57},"end":{"line":221,"column":58}},"loc":{"start":{"line":221,"column":62},"end":{"line":221,"column":130}},"line":221},"31":{"name":"(anonymous_31)","decl":{"start":{"line":222,"column":49},"end":{"line":222,"column":50}},"loc":{"start":{"line":222,"column":71},"end":{"line":239,"column":25}},"line":222},"32":{"name":"(anonymous_32)","decl":{"start":{"line":223,"column":53},"end":{"line":223,"column":54}},"loc":{"start":{"line":223,"column":58},"end":{"line":223,"column":62}},"line":223},"33":{"name":"(anonymous_33)","decl":{"start":{"line":223,"column":71},"end":{"line":223,"column":72}},"loc":{"start":{"line":223,"column":76},"end":{"line":223,"column":98}},"line":223},"34":{"name":"(anonymous_34)","decl":{"start":{"line":228,"column":55},"end":{"line":228,"column":56}},"loc":{"start":{"line":228,"column":60},"end":{"line":231,"column":33}},"line":228},"35":{"name":"(anonymous_35)","decl":{"start":{"line":235,"column":55},"end":{"line":235,"column":56}},"loc":{"start":{"line":235,"column":60},"end":{"line":235,"column":94}},"line":235},"36":{"name":"(anonymous_36)","decl":{"start":{"line":244,"column":22},"end":{"line":244,"column":23}},"loc":{"start":{"line":244,"column":28},"end":{"line":244,"column":99}},"line":244},"37":{"name":"(anonymous_37)","decl":{"start":{"line":247,"column":21},"end":{"line":247,"column":22}},"loc":{"start":{"line":247,"column":27},"end":{"line":331,"column":9}},"line":247},"38":{"name":"(anonymous_38)","decl":{"start":{"line":257,"column":36},"end":{"line":257,"column":37}},"loc":{"start":{"line":257,"column":43},"end":{"line":287,"column":13}},"line":257},"39":{"name":"(anonymous_39)","decl":{"start":{"line":261,"column":56},"end":{"line":261,"column":57}},"loc":{"start":{"line":261,"column":62},"end":{"line":261,"column":135}},"line":261},"40":{"name":"(anonymous_40)","decl":{"start":{"line":262,"column":51},"end":{"line":262,"column":52}},"loc":{"start":{"line":262,"column":73},"end":{"line":267,"column":21}},"line":262},"41":{"name":"(anonymous_41)","decl":{"start":{"line":263,"column":49},"end":{"line":263,"column":50}},"loc":{"start":{"line":263,"column":54},"end":{"line":263,"column":58}},"line":263},"42":{"name":"(anonymous_42)","decl":{"start":{"line":263,"column":67},"end":{"line":263,"column":68}},"loc":{"start":{"line":263,"column":72},"end":{"line":263,"column":94}},"line":263},"43":{"name":"(anonymous_43)","decl":{"start":{"line":267,"column":28},"end":{"line":267,"column":29}},"loc":{"start":{"line":267,"column":34},"end":{"line":267,"column":127}},"line":267},"44":{"name":"(anonymous_44)","decl":{"start":{"line":273,"column":26},"end":{"line":273,"column":27}},"loc":{"start":{"line":273,"column":34},"end":{"line":285,"column":21}},"line":273},"45":{"name":"(anonymous_45)","decl":{"start":{"line":275,"column":48},"end":{"line":275,"column":49}},"loc":{"start":{"line":275,"column":53},"end":{"line":275,"column":70}},"line":275},"46":{"name":"(anonymous_46)","decl":{"start":{"line":280,"column":38},"end":{"line":280,"column":39}},"loc":{"start":{"line":280,"column":47},"end":{"line":280,"column":180}},"line":280},"47":{"name":"(anonymous_47)","decl":{"start":{"line":280,"column":132},"end":{"line":280,"column":133}},"loc":{"start":{"line":280,"column":137},"end":{"line":280,"column":154}},"line":280},"48":{"name":"(anonymous_48)","decl":{"start":{"line":281,"column":38},"end":{"line":281,"column":39}},"loc":{"start":{"line":281,"column":44},"end":{"line":281,"column":64}},"line":281},"49":{"name":"(anonymous_49)","decl":{"start":{"line":286,"column":26},"end":{"line":286,"column":27}},"loc":{"start":{"line":286,"column":32},"end":{"line":286,"column":52}},"line":286},"50":{"name":"(anonymous_50)","decl":{"start":{"line":293,"column":44},"end":{"line":293,"column":45}},"loc":{"start":{"line":293,"column":54},"end":{"line":303,"column":13}},"line":293},"51":{"name":"(anonymous_51)","decl":{"start":{"line":306,"column":46},"end":{"line":306,"column":47}},"loc":{"start":{"line":306,"column":58},"end":{"line":311,"column":13}},"line":306},"52":{"name":"(anonymous_52)","decl":{"start":{"line":313,"column":36},"end":{"line":313,"column":37}},"loc":{"start":{"line":313,"column":41},"end":{"line":321,"column":13}},"line":313},"53":{"name":"(anonymous_53)","decl":{"start":{"line":324,"column":43},"end":{"line":324,"column":44}},"loc":{"start":{"line":324,"column":55},"end":{"line":328,"column":13}},"line":324},"54":{"name":"(anonymous_54)","decl":{"start":{"line":337,"column":24},"end":{"line":337,"column":25}},"loc":{"start":{"line":337,"column":30},"end":{"line":640,"column":5}},"line":337},"55":{"name":"(anonymous_55)","decl":{"start":{"line":376,"column":25},"end":{"line":376,"column":26}},"loc":{"start":{"line":376,"column":31},"end":{"line":394,"column":9}},"line":376},"56":{"name":"(anonymous_56)","decl":{"start":{"line":382,"column":26},"end":{"line":382,"column":27}},"loc":{"start":{"line":382,"column":31},"end":{"line":382,"column":84}},"line":382},"57":{"name":"(anonymous_57)","decl":{"start":{"line":391,"column":39},"end":{"line":391,"column":40}},"loc":{"start":{"line":391,"column":44},"end":{"line":391,"column":82}},"line":391},"58":{"name":"(anonymous_58)","decl":{"start":{"line":392,"column":34},"end":{"line":392,"column":35}},"loc":{"start":{"line":392,"column":39},"end":{"line":392,"column":71}},"line":392},"59":{"name":"(anonymous_59)","decl":{"start":{"line":396,"column":27},"end":{"line":396,"column":28}},"loc":{"start":{"line":396,"column":32},"end":{"line":396,"column":39}},"line":396},"60":{"name":"(anonymous_60)","decl":{"start":{"line":399,"column":32},"end":{"line":399,"column":33}},"loc":{"start":{"line":399,"column":38},"end":{"line":401,"column":9}},"line":399},"61":{"name":"(anonymous_61)","decl":{"start":{"line":402,"column":32},"end":{"line":402,"column":33}},"loc":{"start":{"line":402,"column":43},"end":{"line":409,"column":9}},"line":402},"62":{"name":"(anonymous_62)","decl":{"start":{"line":405,"column":20},"end":{"line":405,"column":21}},"loc":{"start":{"line":405,"column":29},"end":{"line":405,"column":46}},"line":405},"63":{"name":"(anonymous_63)","decl":{"start":{"line":410,"column":34},"end":{"line":410,"column":35}},"loc":{"start":{"line":410,"column":40},"end":{"line":418,"column":9}},"line":410},"64":{"name":"(anonymous_64)","decl":{"start":{"line":415,"column":23},"end":{"line":415,"column":24}},"loc":{"start":{"line":415,"column":28},"end":{"line":415,"column":98}},"line":415},"65":{"name":"(anonymous_65)","decl":{"start":{"line":420,"column":27},"end":{"line":420,"column":28}},"loc":{"start":{"line":420,"column":33},"end":{"line":435,"column":9}},"line":420},"66":{"name":"(anonymous_66)","decl":{"start":{"line":427,"column":40},"end":{"line":427,"column":41}},"loc":{"start":{"line":427,"column":46},"end":{"line":434,"column":13}},"line":427},"67":{"name":"(anonymous_67)","decl":{"start":{"line":436,"column":27},"end":{"line":436,"column":28}},"loc":{"start":{"line":436,"column":33},"end":{"line":436,"column":107}},"line":436},"68":{"name":"(anonymous_68)","decl":{"start":{"line":438,"column":31},"end":{"line":438,"column":32}},"loc":{"start":{"line":438,"column":37},"end":{"line":441,"column":9}},"line":438},"69":{"name":"(anonymous_69)","decl":{"start":{"line":443,"column":25},"end":{"line":443,"column":26}},"loc":{"start":{"line":443,"column":31},"end":{"line":448,"column":9}},"line":443},"70":{"name":"(anonymous_70)","decl":{"start":{"line":451,"column":25},"end":{"line":451,"column":26}},"loc":{"start":{"line":451,"column":36},"end":{"line":500,"column":9}},"line":451},"71":{"name":"(anonymous_71)","decl":{"start":{"line":503,"column":28},"end":{"line":503,"column":29}},"loc":{"start":{"line":503,"column":34},"end":{"line":518,"column":9}},"line":503},"72":{"name":"(anonymous_72)","decl":{"start":{"line":521,"column":27},"end":{"line":521,"column":28}},"loc":{"start":{"line":521,"column":33},"end":{"line":563,"column":9}},"line":521},"73":{"name":"(anonymous_73)","decl":{"start":{"line":547,"column":46},"end":{"line":547,"column":47}},"loc":{"start":{"line":547,"column":52},"end":{"line":547,"column":69}},"line":547},"74":{"name":"(anonymous_74)","decl":{"start":{"line":549,"column":33},"end":{"line":549,"column":34}},"loc":{"start":{"line":549,"column":38},"end":{"line":549,"column":120}},"line":549},"75":{"name":"(anonymous_75)","decl":{"start":{"line":553,"column":59},"end":{"line":553,"column":60}},"loc":{"start":{"line":553,"column":69},"end":{"line":557,"column":17}},"line":553},"76":{"name":"(anonymous_76)","decl":{"start":{"line":565,"column":27},"end":{"line":565,"column":28}},"loc":{"start":{"line":565,"column":39},"end":{"line":581,"column":9}},"line":565},"77":{"name":"(anonymous_77)","decl":{"start":{"line":583,"column":28},"end":{"line":583,"column":29}},"loc":{"start":{"line":583,"column":34},"end":{"line":588,"column":9}},"line":583},"78":{"name":"(anonymous_78)","decl":{"start":{"line":590,"column":32},"end":{"line":590,"column":33}},"loc":{"start":{"line":590,"column":43},"end":{"line":600,"column":9}},"line":590},"79":{"name":"(anonymous_79)","decl":{"start":{"line":603,"column":34},"end":{"line":603,"column":35}},"loc":{"start":{"line":603,"column":45},"end":{"line":614,"column":9}},"line":603},"80":{"name":"(anonymous_80)","decl":{"start":{"line":608,"column":22},"end":{"line":608,"column":23}},"loc":{"start":{"line":608,"column":30},"end":{"line":611,"column":17}},"line":608},"81":{"name":"(anonymous_81)","decl":{"start":{"line":612,"column":22},"end":{"line":612,"column":23}},"loc":{"start":{"line":612,"column":28},"end":{"line":612,"column":54}},"line":612},"82":{"name":"(anonymous_82)","decl":{"start":{"line":616,"column":26},"end":{"line":616,"column":27}},"loc":{"start":{"line":616,"column":32},"end":{"line":616,"column":143}},"line":616},"83":{"name":"(anonymous_83)","decl":{"start":{"line":617,"column":26},"end":{"line":617,"column":27}},"loc":{"start":{"line":617,"column":32},"end":{"line":617,"column":312}},"line":617},"84":{"name":"(anonymous_84)","decl":{"start":{"line":619,"column":21},"end":{"line":619,"column":22}},"loc":{"start":{"line":619,"column":27},"end":{"line":637,"column":9}},"line":619},"85":{"name":"(anonymous_85)","decl":{"start":{"line":622,"column":47},"end":{"line":622,"column":48}},"loc":{"start":{"line":622,"column":53},"end":{"line":622,"column":69}},"line":622},"86":{"name":"(anonymous_86)","decl":{"start":{"line":625,"column":53},"end":{"line":625,"column":54}},"loc":{"start":{"line":625,"column":63},"end":{"line":635,"column":13}},"line":625},"87":{"name":"(anonymous_87)","decl":{"start":{"line":629,"column":46},"end":{"line":629,"column":47}},"loc":{"start":{"line":629,"column":51},"end":{"line":632,"column":17}},"line":629},"88":{"name":"(anonymous_88)","decl":{"start":{"line":632,"column":25},"end":{"line":632,"column":26}},"loc":{"start":{"line":632,"column":32},"end":{"line":634,"column":17}},"line":632},"89":{"name":"(anonymous_89)","decl":{"start":{"line":643,"column":28},"end":{"line":643,"column":29}},"loc":{"start":{"line":643,"column":34},"end":{"line":698,"column":5}},"line":643},"90":{"name":"(anonymous_90)","decl":{"start":{"line":660,"column":26},"end":{"line":660,"column":27}},"loc":{"start":{"line":660,"column":32},"end":{"line":667,"column":9}},"line":660},"91":{"name":"(anonymous_91)","decl":{"start":{"line":669,"column":21},"end":{"line":669,"column":22}},"loc":{"start":{"line":669,"column":27},"end":{"line":695,"column":9}},"line":669},"92":{"name":"(anonymous_92)","decl":{"start":{"line":672,"column":33},"end":{"line":672,"column":34}},"loc":{"start":{"line":672,"column":38},"end":{"line":685,"column":13}},"line":672},"93":{"name":"(anonymous_93)","decl":{"start":{"line":687,"column":33},"end":{"line":687,"column":34}},"loc":{"start":{"line":687,"column":39},"end":{"line":691,"column":13}},"line":687},"94":{"name":"(anonymous_94)","decl":{"start":{"line":701,"column":24},"end":{"line":701,"column":25}},"loc":{"start":{"line":701,"column":30},"end":{"line":722,"column":5}},"line":701},"95":{"name":"(anonymous_95)","decl":{"start":{"line":705,"column":21},"end":{"line":705,"column":22}},"loc":{"start":{"line":705,"column":27},"end":{"line":719,"column":9}},"line":705},"96":{"name":"(anonymous_96)","decl":{"start":{"line":706,"column":38},"end":{"line":706,"column":39}},"loc":{"start":{"line":706,"column":51},"end":{"line":718,"column":13}},"line":706}},"branchMap":{"0":{"loc":{"start":{"line":4,"column":19},"end":{"line":6,"column":20}},"type":"cond-expr","locations":[{"start":{"line":5,"column":10},"end":{"line":5,"column":33}},{"start":{"line":6,"column":10},"end":{"line":6,"column":20}}],"line":4},"1":{"loc":{"start":{"line":4,"column":20},"end":{"line":4,"column":125}},"type":"binary-expr","locations":[{"start":{"line":4,"column":20},"end":{"line":4,"column":29}},{"start":{"line":4,"column":33},"end":{"line":4,"column":49}},{"start":{"line":4,"column":53},"end":{"line":4,"column":76}},{"start":{"line":4,"column":80},"end":{"line":4,"column":125}}],"line":4},"2":{"loc":{"start":{"line":20,"column":41},"end":{"line":20,"column":87}},"type":"binary-expr","locations":[{"start":{"line":20,"column":41},"end":{"line":20,"column":77}},{"start":{"line":20,"column":81},"end":{"line":20,"column":87}}],"line":20},"3":{"loc":{"start":{"line":21,"column":16},"end":{"line":21,"column":44}},"type":"if","locations":[{"start":{"line":21,"column":16},"end":{"line":21,"column":44}},{"start":{},"end":{}}],"line":21},"4":{"loc":{"start":{"line":31,"column":12},"end":{"line":31,"column":42}},"type":"if","locations":[{"start":{"line":31,"column":12},"end":{"line":31,"column":42}},{"start":{},"end":{}}],"line":31},"5":{"loc":{"start":{"line":46,"column":20},"end":{"line":48,"column":21}},"type":"if","locations":[{"start":{"line":46,"column":20},"end":{"line":48,"column":21}},{"start":{},"end":{}}],"line":46},"6":{"loc":{"start":{"line":46,"column":24},"end":{"line":46,"column":67}},"type":"binary-expr","locations":[{"start":{"line":46,"column":24},"end":{"line":46,"column":38}},{"start":{"line":46,"column":42},"end":{"line":46,"column":67}}],"line":46},"7":{"loc":{"start":{"line":70,"column":41},"end":{"line":70,"column":64}},"type":"cond-expr","locations":[{"start":{"line":70,"column":48},"end":{"line":70,"column":54}},{"start":{"line":70,"column":57},"end":{"line":70,"column":64}}],"line":70},"8":{"loc":{"start":{"line":77,"column":12},"end":{"line":77,"column":88}},"type":"if","locations":[{"start":{"line":77,"column":12},"end":{"line":77,"column":88}},{"start":{},"end":{}}],"line":77},"9":{"loc":{"start":{"line":77,"column":16},"end":{"line":77,"column":46}},"type":"binary-expr","locations":[{"start":{"line":77,"column":16},"end":{"line":77,"column":23}},{"start":{"line":77,"column":27},"end":{"line":77,"column":46}}],"line":77},"10":{"loc":{"start":{"line":89,"column":16},"end":{"line":89,"column":68}},"type":"if","locations":[{"start":{"line":89,"column":16},"end":{"line":89,"column":68}},{"start":{},"end":{}}],"line":89},"11":{"loc":{"start":{"line":89,"column":20},"end":{"line":89,"column":59}},"type":"binary-expr","locations":[{"start":{"line":89,"column":20},"end":{"line":89,"column":33}},{"start":{"line":89,"column":37},"end":{"line":89,"column":59}}],"line":89},"12":{"loc":{"start":{"line":94,"column":38},"end":{"line":94,"column":107}},"type":"binary-expr","locations":[{"start":{"line":94,"column":38},"end":{"line":94,"column":52}},{"start":{"line":94,"column":56},"end":{"line":94,"column":107}}],"line":94},"13":{"loc":{"start":{"line":100,"column":78},"end":{"line":100,"column":105}},"type":"binary-expr","locations":[{"start":{"line":100,"column":78},"end":{"line":100,"column":89}},{"start":{"line":100,"column":93},"end":{"line":100,"column":105}}],"line":100},"14":{"loc":{"start":{"line":103,"column":20},"end":{"line":103,"column":82}},"type":"if","locations":[{"start":{"line":103,"column":20},"end":{"line":103,"column":82}},{"start":{},"end":{}}],"line":103},"15":{"loc":{"start":{"line":108,"column":24},"end":{"line":112,"column":25}},"type":"if","locations":[{"start":{"line":108,"column":24},"end":{"line":112,"column":25}},{"start":{},"end":{}}],"line":108},"16":{"loc":{"start":{"line":108,"column":28},"end":{"line":108,"column":84}},"type":"binary-expr","locations":[{"start":{"line":108,"column":28},"end":{"line":108,"column":46}},{"start":{"line":108,"column":50},"end":{"line":108,"column":67}},{"start":{"line":108,"column":71},"end":{"line":108,"column":84}}],"line":108},"17":{"loc":{"start":{"line":129,"column":16},"end":{"line":132,"column":17}},"type":"if","locations":[{"start":{"line":129,"column":16},"end":{"line":132,"column":17}},{"start":{},"end":{}}],"line":129},"18":{"loc":{"start":{"line":136,"column":12},"end":{"line":136,"column":97}},"type":"if","locations":[{"start":{"line":136,"column":12},"end":{"line":136,"column":97}},{"start":{},"end":{}}],"line":136},"19":{"loc":{"start":{"line":141,"column":12},"end":{"line":141,"column":50}},"type":"if","locations":[{"start":{"line":141,"column":12},"end":{"line":141,"column":50}},{"start":{},"end":{}}],"line":141},"20":{"loc":{"start":{"line":142,"column":25},"end":{"line":142,"column":63}},"type":"binary-expr","locations":[{"start":{"line":142,"column":25},"end":{"line":142,"column":48}},{"start":{"line":142,"column":52},"end":{"line":142,"column":63}}],"line":142},"21":{"loc":{"start":{"line":144,"column":12},"end":{"line":158,"column":13}},"type":"switch","locations":[{"start":{"line":145,"column":16},"end":{"line":146,"column":121}},{"start":{"line":147,"column":16},"end":{"line":148,"column":121}},{"start":{"line":149,"column":16},"end":{"line":150,"column":99}},{"start":{"line":151,"column":16},"end":{"line":152,"column":99}},{"start":{"line":153,"column":16},"end":{"line":154,"column":109}},{"start":{"line":155,"column":16},"end":{"line":155,"column":33}},{"start":{"line":156,"column":16},"end":{"line":157,"column":32}}],"line":144},"22":{"loc":{"start":{"line":146,"column":47},"end":{"line":146,"column":58}},"type":"binary-expr","locations":[{"start":{"line":146,"column":47},"end":{"line":146,"column":54}},{"start":{"line":146,"column":56},"end":{"line":146,"column":58}}],"line":146},"23":{"loc":{"start":{"line":146,"column":74},"end":{"line":146,"column":85}},"type":"binary-expr","locations":[{"start":{"line":146,"column":74},"end":{"line":146,"column":81}},{"start":{"line":146,"column":83},"end":{"line":146,"column":85}}],"line":146},"24":{"loc":{"start":{"line":148,"column":47},"end":{"line":148,"column":58}},"type":"binary-expr","locations":[{"start":{"line":148,"column":47},"end":{"line":148,"column":54}},{"start":{"line":148,"column":56},"end":{"line":148,"column":58}}],"line":148},"25":{"loc":{"start":{"line":148,"column":74},"end":{"line":148,"column":85}},"type":"binary-expr","locations":[{"start":{"line":148,"column":74},"end":{"line":148,"column":81}},{"start":{"line":148,"column":83},"end":{"line":148,"column":85}}],"line":148},"26":{"loc":{"start":{"line":150,"column":47},"end":{"line":150,"column":69}},"type":"binary-expr","locations":[{"start":{"line":150,"column":47},"end":{"line":150,"column":66}},{"start":{"line":150,"column":68},"end":{"line":150,"column":69}}],"line":150},"27":{"loc":{"start":{"line":150,"column":74},"end":{"line":150,"column":96}},"type":"binary-expr","locations":[{"start":{"line":150,"column":74},"end":{"line":150,"column":93}},{"start":{"line":150,"column":95},"end":{"line":150,"column":96}}],"line":150},"28":{"loc":{"start":{"line":152,"column":47},"end":{"line":152,"column":69}},"type":"binary-expr","locations":[{"start":{"line":152,"column":47},"end":{"line":152,"column":66}},{"start":{"line":152,"column":68},"end":{"line":152,"column":69}}],"line":152},"29":{"loc":{"start":{"line":152,"column":74},"end":{"line":152,"column":96}},"type":"binary-expr","locations":[{"start":{"line":152,"column":74},"end":{"line":152,"column":93}},{"start":{"line":152,"column":95},"end":{"line":152,"column":96}}],"line":152},"30":{"loc":{"start":{"line":154,"column":47},"end":{"line":154,"column":74}},"type":"binary-expr","locations":[{"start":{"line":154,"column":47},"end":{"line":154,"column":71}},{"start":{"line":154,"column":73},"end":{"line":154,"column":74}}],"line":154},"31":{"loc":{"start":{"line":154,"column":79},"end":{"line":154,"column":106}},"type":"binary-expr","locations":[{"start":{"line":154,"column":79},"end":{"line":154,"column":103}},{"start":{"line":154,"column":105},"end":{"line":154,"column":106}}],"line":154},"32":{"loc":{"start":{"line":162,"column":12},"end":{"line":162,"column":31}},"type":"if","locations":[{"start":{"line":162,"column":12},"end":{"line":162,"column":31}},{"start":{},"end":{}}],"line":162},"33":{"loc":{"start":{"line":165,"column":12},"end":{"line":170,"column":13}},"type":"if","locations":[{"start":{"line":165,"column":12},"end":{"line":170,"column":13}},{"start":{"line":166,"column":17},"end":{"line":170,"column":13}}],"line":165},"34":{"loc":{"start":{"line":175,"column":12},"end":{"line":175,"column":74}},"type":"if","locations":[{"start":{"line":175,"column":12},"end":{"line":175,"column":74}},{"start":{},"end":{}}],"line":175},"35":{"loc":{"start":{"line":180,"column":20},"end":{"line":181,"column":90}},"type":"if","locations":[{"start":{"line":180,"column":20},"end":{"line":181,"column":90}},{"start":{"line":181,"column":25},"end":{"line":181,"column":90}}],"line":180},"36":{"loc":{"start":{"line":181,"column":40},"end":{"line":181,"column":88}},"type":"binary-expr","locations":[{"start":{"line":181,"column":40},"end":{"line":181,"column":50}},{"start":{"line":181,"column":54},"end":{"line":181,"column":88}}],"line":181},"37":{"loc":{"start":{"line":188,"column":27},"end":{"line":188,"column":73}},"type":"cond-expr","locations":[{"start":{"line":188,"column":60},"end":{"line":188,"column":68}},{"start":{"line":188,"column":71},"end":{"line":188,"column":73}}],"line":188},"38":{"loc":{"start":{"line":188,"column":27},"end":{"line":188,"column":57}},"type":"binary-expr","locations":[{"start":{"line":188,"column":27},"end":{"line":188,"column":35}},{"start":{"line":188,"column":39},"end":{"line":188,"column":57}}],"line":188},"39":{"loc":{"start":{"line":192,"column":25},"end":{"line":192,"column":154}},"type":"cond-expr","locations":[{"start":{"line":192,"column":34},"end":{"line":192,"column":149}},{"start":{"line":192,"column":152},"end":{"line":192,"column":154}}],"line":192},"40":{"loc":{"start":{"line":194,"column":69},"end":{"line":194,"column":85}},"type":"binary-expr","locations":[{"start":{"line":194,"column":69},"end":{"line":194,"column":76}},{"start":{"line":194,"column":80},"end":{"line":194,"column":85}}],"line":194},"41":{"loc":{"start":{"line":195,"column":69},"end":{"line":195,"column":90}},"type":"binary-expr","locations":[{"start":{"line":195,"column":69},"end":{"line":195,"column":81}},{"start":{"line":195,"column":85},"end":{"line":195,"column":90}}],"line":195},"42":{"loc":{"start":{"line":196,"column":71},"end":{"line":196,"column":89}},"type":"binary-expr","locations":[{"start":{"line":196,"column":71},"end":{"line":196,"column":80}},{"start":{"line":196,"column":84},"end":{"line":196,"column":89}}],"line":196},"43":{"loc":{"start":{"line":197,"column":71},"end":{"line":197,"column":86}},"type":"binary-expr","locations":[{"start":{"line":197,"column":71},"end":{"line":197,"column":77}},{"start":{"line":197,"column":81},"end":{"line":197,"column":86}}],"line":197},"44":{"loc":{"start":{"line":198,"column":12},"end":{"line":198,"column":46}},"type":"if","locations":[{"start":{"line":198,"column":12},"end":{"line":198,"column":46}},{"start":{},"end":{}}],"line":198},"45":{"loc":{"start":{"line":204,"column":43},"end":{"line":204,"column":55}},"type":"default-arg","locations":[{"start":{"line":204,"column":53},"end":{"line":204,"column":55}}],"line":204},"46":{"loc":{"start":{"line":205,"column":28},"end":{"line":205,"column":77}},"type":"binary-expr","locations":[{"start":{"line":205,"column":28},"end":{"line":205,"column":61}},{"start":{"line":205,"column":66},"end":{"line":205,"column":76}}],"line":205},"47":{"loc":{"start":{"line":206,"column":12},"end":{"line":206,"column":75}},"type":"if","locations":[{"start":{"line":206,"column":12},"end":{"line":206,"column":75}},{"start":{},"end":{}}],"line":206},"48":{"loc":{"start":{"line":214,"column":12},"end":{"line":214,"column":81}},"type":"if","locations":[{"start":{"line":214,"column":12},"end":{"line":214,"column":81}},{"start":{},"end":{}}],"line":214},"49":{"loc":{"start":{"line":215,"column":12},"end":{"line":215,"column":42}},"type":"if","locations":[{"start":{"line":215,"column":12},"end":{"line":215,"column":42}},{"start":{},"end":{}}],"line":215},"50":{"loc":{"start":{"line":220,"column":20},"end":{"line":242,"column":21}},"type":"if","locations":[{"start":{"line":220,"column":20},"end":{"line":242,"column":21}},{"start":{"line":240,"column":27},"end":{"line":242,"column":21}}],"line":220},"51":{"loc":{"start":{"line":225,"column":28},"end":{"line":232,"column":29}},"type":"if","locations":[{"start":{"line":225,"column":28},"end":{"line":232,"column":29}},{"start":{},"end":{}}],"line":225},"52":{"loc":{"start":{"line":226,"column":45},"end":{"line":226,"column":68}},"type":"binary-expr","locations":[{"start":{"line":226,"column":45},"end":{"line":226,"column":63}},{"start":{"line":226,"column":67},"end":{"line":226,"column":68}}],"line":226},"53":{"loc":{"start":{"line":227,"column":43},"end":{"line":227,"column":79}},"type":"binary-expr","locations":[{"start":{"line":227,"column":43},"end":{"line":227,"column":71}},{"start":{"line":227,"column":75},"end":{"line":227,"column":79}}],"line":227},"54":{"loc":{"start":{"line":229,"column":46},"end":{"line":229,"column":84}},"type":"binary-expr","locations":[{"start":{"line":229,"column":46},"end":{"line":229,"column":79}},{"start":{"line":229,"column":83},"end":{"line":229,"column":84}}],"line":229},"55":{"loc":{"start":{"line":230,"column":43},"end":{"line":230,"column":63}},"type":"binary-expr","locations":[{"start":{"line":230,"column":43},"end":{"line":230,"column":52}},{"start":{"line":230,"column":56},"end":{"line":230,"column":63}}],"line":230},"56":{"loc":{"start":{"line":233,"column":28},"end":{"line":236,"column":29}},"type":"if","locations":[{"start":{"line":233,"column":28},"end":{"line":236,"column":29}},{"start":{},"end":{}}],"line":233},"57":{"loc":{"start":{"line":241,"column":93},"end":{"line":241,"column":138}},"type":"binary-expr","locations":[{"start":{"line":241,"column":93},"end":{"line":241,"column":103}},{"start":{"line":241,"column":107},"end":{"line":241,"column":138}}],"line":241},"58":{"loc":{"start":{"line":250,"column":12},"end":{"line":250,"column":95}},"type":"if","locations":[{"start":{"line":250,"column":12},"end":{"line":250,"column":95}},{"start":{},"end":{}}],"line":250},"59":{"loc":{"start":{"line":258,"column":16},"end":{"line":269,"column":17}},"type":"if","locations":[{"start":{"line":258,"column":16},"end":{"line":269,"column":17}},{"start":{},"end":{}}],"line":258},"60":{"loc":{"start":{"line":258,"column":20},"end":{"line":258,"column":60}},"type":"binary-expr","locations":[{"start":{"line":258,"column":20},"end":{"line":258,"column":39}},{"start":{"line":258,"column":43},"end":{"line":258,"column":60}}],"line":258},"61":{"loc":{"start":{"line":260,"column":20},"end":{"line":260,"column":132}},"type":"if","locations":[{"start":{"line":260,"column":20},"end":{"line":260,"column":132}},{"start":{},"end":{}}],"line":260},"62":{"loc":{"start":{"line":274,"column":24},"end":{"line":276,"column":25}},"type":"if","locations":[{"start":{"line":274,"column":24},"end":{"line":276,"column":25}},{"start":{},"end":{}}],"line":274},"63":{"loc":{"start":{"line":274,"column":28},"end":{"line":274,"column":82}},"type":"binary-expr","locations":[{"start":{"line":274,"column":28},"end":{"line":274,"column":52}},{"start":{"line":274,"column":56},"end":{"line":274,"column":82}}],"line":274},"64":{"loc":{"start":{"line":278,"column":24},"end":{"line":284,"column":25}},"type":"if","locations":[{"start":{"line":278,"column":24},"end":{"line":284,"column":25}},{"start":{"line":282,"column":31},"end":{"line":284,"column":25}}],"line":278},"65":{"loc":{"start":{"line":278,"column":28},"end":{"line":278,"column":107}},"type":"binary-expr","locations":[{"start":{"line":278,"column":28},"end":{"line":278,"column":45}},{"start":{"line":278,"column":49},"end":{"line":278,"column":85}},{"start":{"line":278,"column":89},"end":{"line":278,"column":107}}],"line":278},"66":{"loc":{"start":{"line":280,"column":49},"end":{"line":280,"column":156}},"type":"if","locations":[{"start":{"line":280,"column":49},"end":{"line":280,"column":156}},{"start":{},"end":{}}],"line":280},"67":{"loc":{"start":{"line":280,"column":53},"end":{"line":280,"column":109}},"type":"binary-expr","locations":[{"start":{"line":280,"column":53},"end":{"line":280,"column":78}},{"start":{"line":280,"column":82},"end":{"line":280,"column":109}}],"line":280},"68":{"loc":{"start":{"line":296,"column":16},"end":{"line":302,"column":17}},"type":"if","locations":[{"start":{"line":296,"column":16},"end":{"line":302,"column":17}},{"start":{"line":299,"column":23},"end":{"line":302,"column":17}}],"line":296},"69":{"loc":{"start":{"line":309,"column":46},"end":{"line":309,"column":73}},"type":"cond-expr","locations":[{"start":{"line":309,"column":57},"end":{"line":309,"column":64}},{"start":{"line":309,"column":67},"end":{"line":309,"column":73}}],"line":309},"70":{"loc":{"start":{"line":310,"column":63},"end":{"line":310,"column":90}},"type":"cond-expr","locations":[{"start":{"line":310,"column":74},"end":{"line":310,"column":80}},{"start":{"line":310,"column":83},"end":{"line":310,"column":90}}],"line":310},"71":{"loc":{"start":{"line":325,"column":16},"end":{"line":327,"column":17}},"type":"if","locations":[{"start":{"line":325,"column":16},"end":{"line":327,"column":17}},{"start":{},"end":{}}],"line":325},"72":{"loc":{"start":{"line":325,"column":20},"end":{"line":325,"column":67}},"type":"binary-expr","locations":[{"start":{"line":325,"column":20},"end":{"line":325,"column":38}},{"start":{"line":325,"column":42},"end":{"line":325,"column":67}}],"line":325},"73":{"loc":{"start":{"line":377,"column":12},"end":{"line":377,"column":33}},"type":"if","locations":[{"start":{"line":377,"column":12},"end":{"line":377,"column":33}},{"start":{},"end":{}}],"line":377},"74":{"loc":{"start":{"line":400,"column":36},"end":{"line":400,"column":87}},"type":"binary-expr","locations":[{"start":{"line":400,"column":36},"end":{"line":400,"column":79}},{"start":{"line":400,"column":83},"end":{"line":400,"column":87}}],"line":400},"75":{"loc":{"start":{"line":411,"column":12},"end":{"line":411,"column":40}},"type":"if","locations":[{"start":{"line":411,"column":12},"end":{"line":411,"column":40}},{"start":{},"end":{}}],"line":411},"76":{"loc":{"start":{"line":413,"column":12},"end":{"line":413,"column":111}},"type":"if","locations":[{"start":{"line":413,"column":12},"end":{"line":413,"column":111}},{"start":{},"end":{}}],"line":413},"77":{"loc":{"start":{"line":415,"column":45},"end":{"line":415,"column":61}},"type":"binary-expr","locations":[{"start":{"line":415,"column":45},"end":{"line":415,"column":51}},{"start":{"line":415,"column":55},"end":{"line":415,"column":61}}],"line":415},"78":{"loc":{"start":{"line":422,"column":24},"end":{"line":422,"column":73}},"type":"binary-expr","locations":[{"start":{"line":422,"column":24},"end":{"line":422,"column":52}},{"start":{"line":422,"column":56},"end":{"line":422,"column":73}}],"line":422},"79":{"loc":{"start":{"line":430,"column":16},"end":{"line":433,"column":17}},"type":"if","locations":[{"start":{"line":430,"column":16},"end":{"line":433,"column":17}},{"start":{},"end":{}}],"line":430},"80":{"loc":{"start":{"line":436,"column":35},"end":{"line":436,"column":83}},"type":"if","locations":[{"start":{"line":436,"column":35},"end":{"line"
[...]
"column":12},"end":{"line":510,"column":90}},"type":"if","locations":[{"start":{"line":510,"column":12},"end":{"line":510,"column":90}},{"start":{},"end":{}}],"line":510},"112":{"loc":{"start":{"line":511,"column":12},"end":{"line":511,"column":101}},"type":"if","locations":[{"start":{"line":511,"column":12},"end":{"line":511,"column":101}},{"start":{},"end":{}}],"line":511},"113":{"loc":{"start":{"line":512,"column":12},"end":{"line":512,"column":99}},"type":"if","locations":[{"start":{"line":512,"column":12},"end":{"line":512,"column":99}},{"start":{},"end":{}}],"line":512},"114":{"loc":{"start":{"line":513,"column":12},"end":{"line":513,"column":110}},"type":"if","locations":[{"start":{"line":513,"column":12},"end":{"line":513,"column":110}},{"start":{},"end":{}}],"line":513},"115":{"loc":{"start":{"line":522,"column":12},"end":{"line":522,"column":95}},"type":"if","locations":[{"start":{"line":522,"column":12},"end":{"line":522,"column":95}},{"start":{},"end":{}}],"line":522},"116":{"loc":{"start":{"line":528,"column":12},"end":{"line":559,"column":13}},"type":"if","locations":[{"start":{"line":528,"column":12},"end":{"line":559,"column":13}},{"start":{"line":531,"column":19},"end":{"line":559,"column":13}}],"line":528},"117":{"loc":{"start":{"line":531,"column":19},"end":{"line":559,"column":13}},"type":"if","locations":[{"start":{"line":531,"column":19},"end":{"line":559,"column":13}},{"start":{"line":534,"column":19},"end":{"line":559,"column":13}}],"line":531},"118":{"loc":{"start":{"line":534,"column":19},"end":{"line":559,"column":13}},"type":"if","locations":[{"start":{"line":534,"column":19},"end":{"line":559,"column":13}},{"start":{"line":537,"column":19},"end":{"line":559,"column":13}}],"line":534},"119":{"loc":{"start":{"line":543,"column":30},"end":{"line":543,"column":52}},"type":"binary-expr","locations":[{"start":{"line":543,"column":30},"end":{"line":543,"column":46}},{"start":{"line":543,"column":50},"end":{"line":543,"column":52}}],"line":543},"120":{"loc":{"start":{"line":567,"column":12},"end":{"line":572,"column":13}},"type":"if","locations":[{"start":{"line":567,"column":12},"end":{"line":572,"column":13}},{"start":{"line":570,"column":19},"end":{"line":572,"column":13}}],"line":567},"121":{"loc":{"start":{"line":575,"column":45},"end":{"line":575,"column":90}},"type":"cond-expr","locations":[{"start":{"line":575,"column":61},"end":{"line":575,"column":85}},{"start":{"line":575,"column":88},"end":{"line":575,"column":90}}],"line":575},"122":{"loc":{"start":{"line":577,"column":12},"end":{"line":580,"column":13}},"type":"if","locations":[{"start":{"line":577,"column":12},"end":{"line":580,"column":13}},{"start":{},"end":{}}],"line":577},"123":{"loc":{"start":{"line":578,"column":29},"end":{"line":578,"column":64}},"type":"binary-expr","locations":[{"start":{"line":578,"column":29},"end":{"line":578,"column":54}},{"start":{"line":578,"column":58},"end":{"line":578,"column":64}}],"line":578},"124":{"loc":{"start":{"line":585,"column":12},"end":{"line":585,"column":92}},"type":"if","locations":[{"start":{"line":585,"column":12},"end":{"line":585,"column":92}},{"start":{},"end":{}}],"line":585},"125":{"loc":{"start":{"line":595,"column":27},"end":{"line":595,"column":85}},"type":"cond-expr","locations":[{"start":{"line":595,"column":68},"end":{"line":595,"column":80}},{"start":{"line":595,"column":83},"end":{"line":595,"column":85}}],"line":595},"126":{"loc":{"start":{"line":595,"column":27},"end":{"line":595,"column":65}},"type":"binary-expr","locations":[{"start":{"line":595,"column":27},"end":{"line":595,"column":39}},{"start":{"line":595,"column":43},"end":{"line":595,"column":65}}],"line":595},"127":{"loc":{"start":{"line":596,"column":83},"end":{"line":596,"column":193}},"type":"cond-expr","locations":[{"start":{"line":596,"column":92},"end":{"line":596,"column":188}},{"start":{"line":596,"column":191},"end":{"line":596,"column":193}}],"line":596},"128":{"loc":{"start":{"line":604,"column":12},"end":{"line":604,"column":67}},"type":"if","locations":[{"start":{"line":604,"column":12},"end":{"line":604,"column":67}},{"start":{},"end":{}}],"line":604},"129":{"loc":{"start":{"line":605,"column":12},"end":{"line":605,"column":78}},"type":"if","locations":[{"start":{"line":605,"column":12},"end":{"line":605,"column":78}},{"start":{},"end":{}}],"line":605},"130":{"loc":{"start":{"line":609,"column":20},"end":{"line":610,"column":85}},"type":"if","locations":[{"start":{"line":609,"column":20},"end":{"line":610,"column":85}},{"start":{"line":610,"column":25},"end":{"line":610,"column":85}}],"line":609},"131":{"loc":{"start":{"line":609,"column":24},"end":{"line":609,"column":56}},"type":"binary-expr","locations":[{"start":{"line":609,"column":24},"end":{"line":609,"column":28}},{"start":{"line":609,"column":32},"end":{"line":609,"column":56}}],"line":609},"132":{"loc":{"start":{"line":610,"column":34},"end":{"line":610,"column":83}},"type":"cond-expr","locations":[{"start":{"line":610,"column":55},"end":{"line":610,"column":65}},{"start":{"line":610,"column":68},"end":{"line":610,"column":83}}],"line":610},"133":{"loc":{"start":{"line":610,"column":34},"end":{"line":610,"column":52}},"type":"binary-expr","locations":[{"start":{"line":610,"column":34},"end":{"line":610,"column":38}},{"start":{"line":610,"column":42},"end":{"line":610,"column":52}}],"line":610},"134":{"loc":{"start":{"line":627,"column":16},"end":{"line":627,"column":95}},"type":"if","locations":[{"start":{"line":627,"column":16},"end":{"line":627,"column":95}},{"start":{},"end":{}}],"line":627},"135":{"loc":{"start":{"line":652,"column":37},"end":{"line":652,"column":88}},"type":"binary-expr","locations":[{"start":{"line":652,"column":37},"end":{"line":652,"column":78}},{"start":{"line":652,"column":82},"end":{"line":652,"column":88}}],"line":652},"136":{"loc":{"start":{"line":653,"column":12},"end":{"line":657,"column":13}},"type":"if","locations":[{"start":{"line":653,"column":12},"end":{"line":657,"column":13}},{"start":{},"end":{}}],"line":653},"137":{"loc":{"start":{"line":654,"column":28},"end":{"line":654,"column":44}},"type":"binary-expr","locations":[{"start":{"line":654,"column":28},"end":{"line":654,"column":38}},{"start":{"line":654,"column":42},"end":{"line":654,"column":44}}],"line":654},"138":{"loc":{"start":{"line":655,"column":29},"end":{"line":655,"column":46}},"type":"binary-expr","locations":[{"start":{"line":655,"column":29},"end":{"line":655,"column":40}},{"start":{"line":655,"column":44},"end":{"line":655,"column":46}}],"line":655},"139":{"loc":{"start":{"line":656,"column":28},"end":{"line":656,"column":44}},"type":"binary-expr","locations":[{"start":{"line":656,"column":28},"end":{"line":656,"column":38}},{"start":{"line":656,"column":42},"end":{"line":656,"column":44}}],"line":656},"140":{"loc":{"start":{"line":670,"column":12},"end":{"line":670,"column":40}},"type":"if","locations":[{"start":{"line":670,"column":12},"end":{"line":670,"column":40}},{"start":{},"end":{}}],"line":670},"141":{"loc":{"start":{"line":676,"column":16},"end":{"line":679,"column":17}},"type":"if","locations":[{"start":{"line":676,"column":16},"end":{"line":679,"column":17}},{"start":{},"end":{}}],"line":676},"142":{"loc":{"start":{"line":676,"column":20},"end":{"line":676,"column":34}},"type":"binary-expr","locations":[{"start":{"line":676,"column":20},"end":{"line":676,"column":25}},{"start":{"line":676,"column":29},"end":{"line":676,"column":34}}],"line":676},"143":{"loc":{"start":{"line":707,"column":16},"end":{"line":717,"column":17}},"type":"if","locations":[{"start":{"line":707,"column":16},"end":{"line":717,"column":17}},{"start":{},"end":{}}],"line":707},"144":{"loc":{"start":{"line":707,"column":20},"end":{"line":707,"column":76}},"type":"binary-expr","locations":[{"start":{"line":707,"column":20},"end":{"line":707,"column":38}},{"start":{"line":707,"column":42},"end":{"line":707,"column":59}},{"start":{"line":707,"column":63},"end":{"line":707,"column":76}}],"line":707}},"s":{"0":0,"1":0,"2":0,"3":0,"4":0,"5":0,"6":0,"7":0,"8":0,"9":0,"10":0,"11":0,"12":0,"13":0,"14":0,"15":0,"16":0,"17":0,"18":0,"19":0,"20":0,"21":0,"22":0,"23":0,"24":0,"25":0,"26":0,"27":0,"28":0,"29":0,"30":0,"31":0,"32":0,"33":0,"34":0,"35":0,"36":0,"37":0,"38":0,"39":0,"40":0,"41":0,"42":0,"43":0,"44":0,"45":0,"46":0,"47":0,"48":0,"49":0,"50":0,"51":0,"52":0,"53":0,"54":0,"55":0,"56":0,"57":0,"58":0,"59":0,"60":0,"61":0,"62":0,"63":0,"64":0,"65":0,"66":0,"67":0,"68":0,"69":0,"70":0,"71":0,"72":0,"73":0,"74":0,"75":0,"76":0,"77":0,"78":0,"79":0,"80":0,"81":0,"82":0,"83":0,"84":0,"85":0,"86":0,"87":0,"88":0,"89":0,"90":0,"91":0,"92":0,"93":0,"94":0,"95":0,"96":0,"97":0,"98":0,"99":0,"100":0,"101":0,"102":0,"103":0,"104":0,"105":0,"106":0,"107":0,"108":0,"109":0,"110":0,"111":0,"112":0,"113":0,"114":0,"115":0,"116":0,"117":0,"118":0,"119":0,"120":0,"121":0,"122":0,"123":0,"124":0,"125":0,"126":0,"127":0,"128":0,"129":0,"130":0,"131":0,"132":0,"133":0,"134":0,"135":0,"136":0,"137":0,"138":0,"139":0,"140":0,"141":0,"142":0,"143":0,"144":0,"145":0,"146":0,"147":0,"148":0,"149":0,"150":0,"151":0,"152":0,"153":0,"154":0,"155":0,"156":0,"157":0,"158":0,"159":0,"160":0,"161":0,"162":0,"163":0,"164":0,"165":0,"166":0,"167":0,"168":0,"169":0,"170":0,"171":0,"172":0,"173":0,"174":0,"175":0,"176":0,"177":0,"178":0,"179":0,"180":0,"181":0,"182":0,"183":0,"184":0,"185":0,"186":0,"187":0,"188":0,"189":0,"190":0,"191":0,"192":0,"193":0,"194":0,"195":0,"196":0,"197":0,"198":0,"199":0,"200":0,"201":0,"202":0,"203":0,"204":0,"205":0,"206":0,"207":0,"208":0,"209":0,"210":0,"211":0,"212":0,"213":0,"214":0,"215":0,"216":0,"217":0,"218":0,"219":0,"220":0,"221":0,"222":0,"223":0,"224":0,"225":0,"226":0,"227":0,"228":0,"229":0,"230":0,"231":0,"232":0,"233":0,"234":0,"235":0,"236":0,"237":0,"238":0,"239":0,"240":0,"241":0,"242":0,"243":0,"244":0,"245":0,"246":0,"247":0,"248":0,"249":0,"250":0,"251":0,"252":0,"253":0,"254":0,"255":0,"256":0,"257":0,"258":0,"259":0,"260":0,"261":0,"262":0,"263":0,"264":0,"265":0,"266":0,"267":0,"268":0,"269":0,"270":0,"271":0,"272":0,"273":0,"274":0,"275":0,"276":0,"277":0,"278":0,"279":0,"280":0,"281":0,"282":0,"283":0,"284":0,"285":0,"286":0,"287":0,"288":0,"289":0,"290":0,"291":0,"292":0,"293":0,"294":0,"295":0,"296":0,"297":0,"298":0,"299":0,"300":0,"301":0,"302":0,"303":0,"304":0,"305":0,"306":0,"307":0,"308":0,"309":0,"310":0,"311":0,"312":0,"313":0,"314":0,"315":0,"316":0,"317":0,"318":0,"319":0,"320":0,"321":0,"322":0,"323":0,"324":0,"325":0,"326":0,"327":0,"328":0,"329":0,"330":0,"331":0,"332":0,"333":0,"334":0,"335":0,"336":0,"337":0,"338":0,"339":0,"340":0,"341":0,"342":0,"343":0,"344":0,"345":0,"346":0,"347":0,"348":0,"349":0,"350":0,"351":0,"352":0,"353":0,"354":0,"355":0,"356":0,"357":0,"358":0,"359":0,"360":0,"361":0,"362":0,"363":0,"364":0,"365":0,"366":0,"367":0,"368":0,"369":0,"370":0,"371":0,"372":0,"373":0,"374":0,"375":0,"376":0,"377":0,"378":0,"379":0,"380":0,"381":0,"382":0,"383":0,"384":0,"385":0,"386":0,"387":0,"388":0,"389":0,"390":0,"391":0,"392":0,"393":0,"394":0,"395":0,"396":0,"397":0,"398":0,"399":0,"400":0,"401":0,"402":0,"403":0,"404":0,"405":0,"406":0,"407":0,"408":0,"409":0,"410":0,"411":0,"412":0,"413":0,"414":0,"415":0,"416":0,"417":0,"418":0,"419":0,"420":0,"421":0,"422":0,"423":0,"424":0,"425":0,"426":0,"427":0,"428":0,"429":0,"430":0,"431":0,"432":0,"433":0,"434":0,"435":0,"436":0,"437":0,"438":0,"439":0,"440":0,"441":0,"442":0,"443":0,"444":0,"445":0,"446":0,"447":0,"448":0,"449":0,"450":0,"451":0,"452":0,"453":0,"454":0,"455":0,"456":0,"457":0,"458":0,"459":0,"460":0,"461":0,"462":0,"463":0,"464":0,"465":0,"466":0,"467":0,"468":0,"469":0,"470":0,"471":0,"472":0,"473":0,"474":0,"475":0,"476":0,"477":0,"478":0,"479":0,"480":0,"481":0,"482":0,"483":0,"484":0,"485":0,"486":0,"487":0,"488":0,"489":0,"490":0,"491":0,"492":0,"493":0,"494":0,"495":0,"496":0,"497":0,"498":0,"499":0,"500":0,"501":0,"502":0,"503":0,"504":0,"505":0,"506":0,"507":0,"508":0,"509":0,"510":0,"511":0,"512":0,"513":0,"514":0,"515":0,"516":0,"517":0,"518":0,"519":0,"520":0,"521":0,"522":0,"523":0,"524":0,"525":0,"526":0,"527":0,"528":0,"529":0,"530":0,"531":0,"532":0,"533":0,"534":0,"535":0,"536":0,"537":0,"538":0,"539":0,"540":0,"541":0,"542":0,"543":0,"544":0,"545":0,"546":0,"547":0,"548":0,"549":0,"550":0,"551":0,"552":0,"553":0,"554":0,"555":0,"556":0,"557":0,"558":0,"559":0,"560":0,"561":0,"562":0,"563":0,"564":0,"565":0,"566":0,"567":0,"568":0,"569":0,"570":0,"571":0,"572":0,"573":0,"574":0,"575":0,"576":0,"577":0,"578":0,"579":0,"580":0,"581":0,"582":0,"583":0,"584":0,"585":0,"586":0,"587":0},"f":{"0":0,"1":0,"2":0,"3":0,"4":0,"5":0,"6":0,"7":0,"8":0,"9":0,"10":0,"11":0,"12":0,"13":0,"14":0,"15":0,"16":0,"17":0,"18":0,"19":0,"20":0,"21":0,"22":0,"23":0,"24":0,"25":0,"26":0,"27":0,"28":0,"29":0,"30":0,"31":0,"32":0,"33":0,"34":0,"35":0,"36":0,"37":0,"38":0,"39":0,"40":0,"41":0,"42":0,"43":0,"44":0,"45":0,"46":0,"47":0,"48":0,"49":0,"50":0,"51":0,"52":0,"53":0,"54":0,"55":0,"56":0,"57":0,"58":0,"59":0,"60":0,"61":0,"62":0,"63":0,"64":0,"65":0,"66":0,"67":0,"68":0,"69":0,"70":0,"71":0,"72":0,"73":0,"74":0,"75":0,"76":0,"77":0,"78":0,"79":0,"80":0,"81":0,"82":0,"83":0,"84":0,"85":0,"86":0,"87":0,"88":0,"89":0,"90":0,"91":0,"92":0,"93":0,"94":0,"95":0,"96":0},"b":{"0":[0,0],"1":[0,0,0,0],"2":[0,0],"3":[0,0],"4":[0,0],"5":[0,0],"6":[0,0],"7":[0,0],"8":[0,0],"9":[0,0],"10":[0,0],"11":[0,0],"12":[0,0],"13":[0,0],"14":[0,0],"15":[0,0],"16":[0,0,0],"17":[0,0],"18":[0,0],"19":[0,0],"20":[0,0],"21":[0,0,0,0,0,0,0],"22":[0,0],"23":[0,0],"24":[0,0],"25":[0,0],"26":[0,0],"27":[0,0],"28":[0,0],"29":[0,0],"30":[0,0],"31":[0,0],"32":[0,0],"33":[0,0],"34":[0,0],"35":[0,0],"36":[0,0],"37":[0,0],"38":[0,0],"39":[0,0],"40":[0,0],"41":[0,0],"42":[0,0],"43":[0,0],"44":[0,0],"45":[0],"46":[0,0],"47":[0,0],"48":[0,0],"49":[0,0],"50":[0,0],"51":[0,0],"52":[0,0],"53":[0,0],"54":[0,0],"55":[0,0],"56":[0,0],"57":[0,0],"58":[0,0],"59":[0,0],"60":[0,0],"61":[0,0],"62":[0,0],"63":[0,0],"64":[0,0],"65":[0,0,0],"66":[0,0],"67":[0,0],"68":[0,0],"69":[0,0],"70":[0,0],"71":[0,0],"72":[0,0],"73":[0,0],"74":[0,0],"75":[0,0],"76":[0,0],"77":[0,0],"78":[0,0],"79":[0,0],"80":[0,0],"81":[0,0],"82":[0,0],"83":[0,0],"84":[0,0],"85":[0,0],"86":[0,0],"87":[0,0],"88":[0,0],"89":[0,0],"90":[0,0],"91":[0,0],"92":[0,0],"93":[0,0],"94":[0,0],"95":[0,0],"96":[0,0],"97":[0,0],"98":[0,0],"99":[0,0],"100":[0,0],"101":[0,0],"102":[0,0],"103":[0,0],"104":[0,0,0,0],"105":[0,0],"106":[0,0],"107":[0,0],"108":[0,0],"109":[0,0],"110":[0,0],"111":[0,0],"112":[0,0],"113":[0,0],"114":[0,0],"115":[0,0],"116":[0,0],"117":[0,0],"118":[0,0],"119":[0,0],"120":[0,0],"121":[0,0],"122":[0,0],"123":[0,0],"124":[0,0],"125":[0,0],"126":[0,0],"127":[0,0],"128":[0,0],"129":[0,0],"130":[0,0],"131":[0,0],"132":[0,0],"133":[0,0],"134":[0,0],"135":[0,0],"136":[0,0],"137":[0,0],"138":[0,0],"139":[0,0],"140":[0,0],"141":[0,0],"142":[0,0],"143":[0,0],"144":[0,0,0]}}
,"/home/a10900612/Asignaturas/Entorno_cliente/smartrecipes/version-jquery/js/config.example.js": {"path":"/home/a10900612/Asignaturas/Entorno_cliente/smartrecipes/version-jquery/js/config.example.js","statementMap":{"0":{"start":{"line":4,"column":0},"end":{"line":4,"column":28}},"1":{"start":{"line":5,"column":0},"end":{"line":7,"column":2}}},"fnMap":{},"branchMap":{"0":{"loc":{"start":{"line":4,"column":12},"end":{"line":4,"column":27}},"type":"binary-expr","locations":[{"start":{"line":4,"column":12},"end":{"line":4,"column":21}},{"start":{"line":4,"column":25},"end":{"line":4,"column":27}}],"line":4},"1":{"loc":{"start":{"line":5,"column":19},"end":{"line":7,"column":1}},"type":"binary-expr","locations":[{"start":{"line":5,"column":19},"end":{"line":5,"column":35}},{"start":{"line":5,"column":39},"end":{"line":7,"column":1}}],"line":5}},"s":{"0":0,"1":0},"f":{},"b":{"0":[0,0],"1":[0,0]}}
,"/home/a10900612/Asignaturas/Entorno_cliente/smartrecipes/version-jquery/js/config.js": {"path":"/home/a10900612/Asignaturas/Entorno_cliente/smartrecipes/version-jquery/js/config.js","statementMap":{"0":{"start":{"line":3,"column":0},"end":{"line":3,"column":28}},"1":{"start":{"line":4,"column":0},"end":{"line":6,"column":2}}},"fnMap":{},"branchMap":{"0":{"loc":{"start":{"line":3,"column":12},"end":{"line":3,"column":27}},"type":"binary-expr","locations":[{"start":{"line":3,"column":12},"end":{"line":3,"column":21}},{"start":{"line":3,"column":25},"end":{"line":3,"column":27}}],"line":3},"1":{"loc":{"start":{"line":4,"column":19},"end":{"line":6,"column":1}},"type":"binary-expr","locations":[{"start":{"line":4,"column":19},"end":{"line":4,"column":35}},{"start":{"line":4,"column":39},"end":{"line":6,"column":1}}],"line":4}},"s":{"0":0,"1":0},"f":{},"b":{"0":[0,0],"1":[0,0]}}
,"/home/a10900612/Asignaturas/Entorno_cliente/smartrecipes/version-jquery/js/helpers.js": {"path":"/home/a10900612/Asignaturas/Entorno_cliente/smartrecipes/version-jquery/js/helpers.js","statementMap":{"0":{"start":{"line":4,"column":0},"end":{"line":39,"column":26}},"1":{"start":{"line":7,"column":20},"end":{"line":7,"column":22}},"2":{"start":{"line":16,"column":4},"end":{"line":19,"column":6}},"3":{"start":{"line":17,"column":22},"end":{"line":17,"column":55}},"4":{"start":{"line":18,"column":8},"end":{"line":18,"column":34}},"5":{"start":{"line":28,"column":4},"end":{"line":33,"column":6}},"6":{"start":{"line":29,"column":20},"end":{"line":29,"column":38}},"7":{"start":{"line":30,"column":8},"end":{"line":30,"column":41}},"8":{"start":{"line":30,"column":20},"end":{"line":30,"column":41}},"9":{"start":{"line":31,"column":8},"end":{"line":31,"column":35}},"10":{"start":{"line":31,"column":19},"end":{"line":31,"column":35}},"11":{"start":{"line":32,"column":8},"end":{"line":32,"column":19}},"12":{"start":{"line":36,"column":4},"end":{"line":36,"column":32}},"13":{"start":{"line":37,"column":4},"end":{"line":37,"column":72}}},"fnMap":{"0":{"name":"(anonymous_0)","decl":{"start":{"line":4,"column":1},"end":{"line":4,"column":2}},"loc":{"start":{"line":4,"column":20},"end":{"line":39,"column":1}},"line":4},"1":{"name":"(anonymous_1)","decl":{"start":{"line":16,"column":28},"end":{"line":16,"column":29}},"loc":{"start":{"line":16,"column":45},"end":{"line":19,"column":5}},"line":16},"2":{"name":"(anonymous_2)","decl":{"start":{"line":28,"column":28},"end":{"line":28,"column":29}},"loc":{"start":{"line":28,"column":67},"end":{"line":33,"column":5}},"line":28}},"branchMap":{"0":{"loc":{"start":{"line":28,"column":42},"end":{"line":28,"column":53}},"type":"default-arg","locations":[{"start":{"line":28,"column":51},"end":{"line":28,"column":53}}],"line":28},"1":{"loc":{"start":{"line":28,"column":55},"end":{"line":28,"column":65}},"type":"default-arg","locations":[{"start":{"line":28,"column":63},"end":{"line":28,"column":65}}],"line":28},"2":{"loc":{"start":{"line":30,"column":8},"end":{"line":30,"column":41}},"type":"if","locations":[{"start":{"line":30,"column":8},"end":{"line":30,"column":41}},{"start":{},"end":{}}],"line":30},"3":{"loc":{"start":{"line":31,"column":8},"end":{"line":31,"column":35}},"type":"if","locations":[{"start":{"line":31,"column":8},"end":{"line":31,"column":35}},{"start":{},"end":{}}],"line":31},"4":{"loc":{"start":{"line":36,"column":16},"end":{"line":36,"column":31}},"type":"binary-expr","locations":[{"start":{"line":36,"column":16},"end":{"line":36,"column":25}},{"start":{"line":36,"column":29},"end":{"line":36,"column":31}}],"line":36},"5":{"loc":{"start":{"line":37,"column":38},"end":{"line":37,"column":61}},"type":"binary-expr","locations":[{"start":{"line":37,"column":38},"end":{"line":37,"column":55}},{"start":{"line":37,"column":59},"end":{"line":37,"column":61}}],"line":37}},"s":{"0":1,"1":1,"2":1,"3":6,"4":6,"5":1,"6":0,"7":0,"8":0,"9":0,"10":0,"11":0,"12":1,"13":1},"f":{"0":1,"1":6,"2":0},"b":{"0":[0],"1":[0],"2":[0,0],"3":[0,0],"4":[1,1],"5":[1,1]},"_coverageSchema":"1a1c01bbd47fc00a2c39e90264f33305004495a9","hash":"ba4df1c29edfe837d8fdf2182bdcf7a77dd01a82"}
}
