TN:
SF:version-jquery/js/app.js
FN:2,(anonymous_0)
FN:9,(anonymous_1)
FN:18,(anonymous_2)
FN:25,(anonymous_3)
FN:29,(anonymous_4)
FN:37,(anonymous_5)
FN:53,(anonymous_6)
FN:57,(anonymous_7)
FN:69,(anonymous_8)
FN:74,(anonymous_9)
FN:88,(anonymous_10)
FN:93,(anonymous_11)
FN:107,(anonymous_12)
FN:119,(anonymous_13)
FN:128,(anonymous_14)
FN:140,(anonymous_15)
FN:146,(anonymous_16)
FN:148,(anonymous_17)
FN:150,(anonymous_18)
FN:152,(anonymous_19)
FN:154,(anonymous_20)
FN:161,(anonymous_21)
FN:164,(anonymous_22)
FN:173,(anonymous_23)
FN:178,(anonymous_24)
FN:183,(anonymous_25)
FN:186,(anonymous_26)
FN:204,(anonymous_27)
FN:205,(anonymous_28)
FN:218,(anonymous_29)
FN:221,(anonymous_30)
FN:222,(anonymous_31)
FN:223,(anonymous_32)
FN:223,(anonymous_33)
FN:228,(anonymous_34)
FN:235,(anonymous_35)
FN:244,(anonymous_36)
FN:247,(anonymous_37)
FN:257,(anonymous_38)
FN:261,(anonymous_39)
FN:262,(anonymous_40)
FN:263,(anonymous_41)
FN:263,(anonymous_42)
FN:267,(anonymous_43)
FN:273,(anonymous_44)
FN:275,(anonymous_45)
FN:280,(anonymous_46)
FN:280,(anonymous_47)
FN:281,(anonymous_48)
FN:286,(anonymous_49)
FN:293,(anonymous_50)
FN:306,(anonymous_51)
FN:313,(anonymous_52)
FN:324,(anonymous_53)
FN:337,(anonymous_54)
FN:376,(anonymous_55)
FN:382,(anonymous_56)
FN:391,(anonymous_57)
FN:392,(anonymous_58)
FN:396,(anonymous_59)
FN:399,(anonymous_60)
FN:402,(anonymous_61)
FN:405,(anonymous_62)
FN:410,(anonymous_63)
FN:415,(anonymous_64)
FN:420,(anonymous_65)
FN:427,(anonymous_66)
FN:436,(anonymous_67)
FN:438,(anonymous_68)
FN:443,(anonymous_69)
FN:451,(anonymous_70)
FN:503,(anonymous_71)
FN:521,(anonymous_72)
FN:547,(anonymous_73)
FN:549,(anonymous_74)
FN:553,(anonymous_75)
FN:565,(anonymous_76)
FN:583,(anonymous_77)
FN:590,(anonymous_78)
FN:603,(anonymous_79)
FN:608,(anonymous_80)
FN:612,(anonymous_81)
FN:616,(anonymous_82)
FN:617,(anonymous_83)
FN:619,(anonymous_84)
FN:622,(anonymous_85)
FN:625,(anonymous_86)
FN:629,(anonymous_87)
FN:632,(anonymous_88)
FN:643,(anonymous_89)
FN:660,(anonymous_90)
FN:669,(anonymous_91)
FN:672,(anonymous_92)
FN:687,(anonymous_93)
FN:701,(anonymous_94)
FN:705,(anonymous_95)
FN:706,(anonymous_96)
FNF:97
FNH:0
FNDA:0,(anonymous_0)
FNDA:0,(anonymous_1)
FNDA:0,(anonymous_2)
FNDA:0,(anonymous_3)
FNDA:0,(anonymous_4)
FNDA:0,(anonymous_5)
FNDA:0,(anonymous_6)
FNDA:0,(anonymous_7)
FNDA:0,(anonymous_8)
FNDA:0,(anonymous_9)
FNDA:0,(anonymous_10)
FNDA:0,(anonymous_11)
FNDA:0,(anonymous_12)
FNDA:0,(anonymous_13)
FNDA:0,(anonymous_14)
FNDA:0,(anonymous_15)
FNDA:0,(anonymous_16)
FNDA:0,(anonymous_17)
FNDA:0,(anonymous_18)
FNDA:0,(anonymous_19)
FNDA:0,(anonymous_20)
FNDA:0,(anonymous_21)
FNDA:0,(anonymous_22)
FNDA:0,(anonymous_23)
FNDA:0,(anonymous_24)
FNDA:0,(anonymous_25)
FNDA:0,(anonymous_26)
FNDA:0,(anonymous_27)
FNDA:0,(anonymous_28)
FNDA:0,(anonymous_29)
FNDA:0,(anonymous_30)
FNDA:0,(anonymous_31)
FNDA:0,(anonymous_32)
FNDA:0,(anonymous_33)
FNDA:0,(anonymous_34)
FNDA:0,(anonymous_35)
FNDA:0,(anonymous_36)
FNDA:0,(anonymous_37)
FNDA:0,(anonymous_38)
FNDA:0,(anonymous_39)
FNDA:0,(anonymous_40)
FNDA:0,(anonymous_41)
FNDA:0,(anonymous_42)
FNDA:0,(anonymous_43)
FNDA:0,(anonymous_44)
FNDA:0,(anonymous_45)
FNDA:0,(anonymous_46)
FNDA:0,(anonymous_47)
FNDA:0,(anonymous_48)
FNDA:0,(anonymous_49)
FNDA:0,(anonymous_50)
FNDA:0,(anonymous_51)
FNDA:0,(anonymous_52)
FNDA:0,(anonymous_53)
FNDA:0,(anonymous_54)
FNDA:0,(anonymous_55)
FNDA:0,(anonymous_56)
FNDA:0,(anonymous_57)
FNDA:0,(anonymous_58)
FNDA:0,(anonymous_59)
FNDA:0,(anonymous_60)
FNDA:0,(anonymous_61)
FNDA:0,(anonymous_62)
FNDA:0,(anonymous_63)
FNDA:0,(anonymous_64)
FNDA:0,(anonymous_65)
FNDA:0,(anonymous_66)
FNDA:0,(anonymous_67)
FNDA:0,(anonymous_68)
FNDA:0,(anonymous_69)
FNDA:0,(anonymous_70)
FNDA:0,(anonymous_71)
FNDA:0,(anonymous_72)
FNDA:0,(anonymous_73)
FNDA:0,(anonymous_74)
FNDA:0,(anonymous_75)
FNDA:0,(anonymous_76)
FNDA:0,(anonymous_77)
FNDA:0,(anonymous_78)
FNDA:0,(anonymous_79)
FNDA:0,(anonymous_80)
FNDA:0,(anonymous_81)
FNDA:0,(anonymous_82)
FNDA:0,(anonymous_83)
FNDA:0,(anonymous_84)
FNDA:0,(anonymous_85)
FNDA:0,(anonymous_86)
FNDA:0,(anonymous_87)
FNDA:0,(anonymous_88)
FNDA:0,(anonymous_89)
FNDA:0,(anonymous_90)
FNDA:0,(anonymous_91)
FNDA:0,(anonymous_92)
FNDA:0,(anonymous_93)
FNDA:0,(anonymous_94)
FNDA:0,(anonymous_95)
FNDA:0,(anonymous_96)
DA:2,0
DA:4,0
DA:9,0
DA:10,0
DA:11,0
DA:12,0
DA:13,0
DA:14,0
DA:16,0
DA:18,0
DA:19,0
DA:20,0
DA:21,0
DA:25,0
DA:26,0
DA:29,0
DA:30,0
DA:31,0
DA:33,0
DA:34,0
DA:35,0
DA:37,0
DA:38,0
DA:39,0
DA:40,0
DA:41,0
DA:42,0
DA:43,0
DA:45,0
DA:46,0
DA:47,0
DA:53,0
DA:57,0
DA:58,0
DA:59,0
DA:60,0
DA:61,0
DA:62,0
DA:63,0
DA:64,0
DA:65,0
DA:67,0
DA:69,0
DA:70,0
DA:71,0
DA:74,0
DA:75,0
DA:76,0
DA:77,0
DA:79,0
DA:80,0
DA:83,0
DA:86,0
DA:88,0
DA:89,0
DA:92,0
DA:93,0
DA:94,0
DA:95,0
DA:96,0
DA:98,0
DA:99,0
DA:100,0
DA:101,0
DA:102,0
DA:103,0
DA:106,0
DA:107,0
DA:108,0
DA:109,0
DA:110,0
DA:111,0
DA:114,0
DA:115,0
DA:117,0
DA:119,0
DA:123,0
DA:128,0
DA:129,0
DA:130,0
DA:131,0
DA:135,0
DA:136,0
DA:140,0
DA:141,0
DA:142,0
DA:143,0
DA:144,0
DA:146,0
DA:148,0
DA:150,0
DA:152,0
DA:154,0
DA:157,0
DA:161,0
DA:162,0
DA:163,0
DA:164,0
DA:165,0
DA:167,0
DA:168,0
DA:169,0
DA:173,0
DA:174,0
DA:175,0
DA:177,0
DA:179,0
DA:180,0
DA:181,0
DA:183,0
DA:186,0
DA:187,0
DA:188,0
DA:189,0
DA:190,0
DA:191,0
DA:192,0
DA:193,0
DA:198,0
DA:199,0
DA:200,0
DA:201,0
DA:204,0
DA:205,0
DA:206,0
DA:208,0
DA:209,0
DA:210,0
DA:211,0
DA:213,0
DA:214,0
DA:215,0
DA:217,0
DA:219,0
DA:220,0
DA:221,0
DA:222,0
DA:223,0
DA:225,0
DA:226,0
DA:227,0
DA:228,0
DA:229,0
DA:230,0
DA:233,0
DA:234,0
DA:235,0
DA:237,0
DA:238,0
DA:241,0
DA:244,0
DA:247,0
DA:249,0
DA:250,0
DA:252,0
DA:253,0
DA:254,0
DA:257,0
DA:258,0
DA:259,0
DA:260,0
DA:261,0
DA:262,0
DA:263,0
DA:264,0
DA:265,0
DA:266,0
DA:267,0
DA:268,0
DA:271,0
DA:272,0
DA:274,0
DA:275,0
DA:278,0
DA:279,0
DA:280,0
DA:281,0
DA:283,0
DA:286,0
DA:289,0
DA:293,0
DA:294,0
DA:295,0
DA:296,0
DA:297,0
DA:298,0
DA:300,0
DA:301,0
DA:306,0
DA:307,0
DA:308,0
DA:309,0
DA:310,0
DA:313,0
DA:314,0
DA:315,0
DA:316,0
DA:317,0
DA:318,0
DA:319,0
DA:320,0
DA:324,0
DA:325,0
DA:326,0
DA:333,0
DA:337,0
DA:338,0
DA:339,0
DA:340,0
DA:341,0
DA:342,0
DA:343,0
DA:344,0
DA:345,0
DA:348,0
DA:349,0
DA:350,0
DA:351,0
DA:354,0
DA:367,0
DA:373,0
DA:376,0
DA:377,0
DA:378,0
DA:379,0
DA:380,0
DA:381,0
DA:382,0
DA:383,0
DA:384,0
DA:386,0
DA:387,0
DA:388,0
DA:391,0
DA:392,0
DA:393,0
DA:396,0
DA:399,0
DA:400,0
DA:402,0
DA:403,0
DA:404,0
DA:405,0
DA:406,0
DA:407,0
DA:408,0
DA:410,0
DA:411,0
DA:412,0
DA:413,0
DA:414,0
DA:415,0
DA:416,0
DA:417,0
DA:420,0
DA:421,0
DA:422,0
DA:423,0
DA:424,0
DA:425,0
DA:426,0
DA:427,0
DA:428,0
DA:429,0
DA:430,0
DA:431,0
DA:432,0
DA:436,0
DA:438,0
DA:439,0
DA:440,0
DA:443,0
DA:444,0
DA:445,0
DA:446,0
DA:447,0
DA:451,0
DA:452,0
DA:453,0
DA:454,0
DA:455,0
DA:456,0
DA:457,0
DA:459,0
DA:460,0
DA:461,0
DA:462,0
DA:463,0
DA:464,0
DA:465,0
DA:466,0
DA:467,0
DA:468,0
DA:469,0
DA:471,0
DA:472,0
DA:474,0
DA:476,0
DA:477,0
DA:478,0
DA:479,0
DA:480,0
DA:482,0
DA:483,0
DA:485,0
DA:486,0
DA:490,0
DA:491,0
DA:493,0
DA:494,0
DA:498,0
DA:499,0
DA:503,0
DA:504,0
DA:505,0
DA:506,0
DA:508,0
DA:509,0
DA:510,0
DA:511,0
DA:512,0
DA:513,0
DA:514,0
DA:515,0
DA:516,0
DA:517,0
DA:521,0
DA:522,0
DA:523,0
DA:524,0
DA:525,0
DA:527,0
DA:528,0
DA:529,0
DA:530,0
DA:531,0
DA:532,0
DA:533,0
DA:534,0
DA:535,0
DA:536,0
DA:539,0
DA:540,0
DA:543,0
DA:545,0
DA:547,0
DA:548,0
DA:549,0
DA:550,0
DA:551,0
DA:553,0
DA:554,0
DA:555,0
DA:556,0
DA:558,0
DA:561,0
DA:562,0
DA:565,0
DA:566,0
DA:567,0
DA:568,0
DA:569,0
DA:571,0
DA:573,0
DA:574,0
DA:575,0
DA:577,0
DA:578,0
DA:579,0
DA:583,0
DA:584,0
DA:585,0
DA:586,0
DA:587,0
DA:590,0
DA:591,0
DA:592,0
DA:593,0
DA:595,0
DA:596,0
DA:597,0
DA:598,0
DA:599,0
DA:603,0
DA:604,0
DA:605,0
DA:606,0
DA:607,0
DA:609,0
DA:610,0
DA:612,0
DA:613,0
DA:616,0
DA:617,0
DA:619,0
DA:620,0
DA:621,0
DA:622,0
DA:623,0
DA:625,0
DA:626,0
DA:627,0
DA:628,0
DA:629,0
DA:630,0
DA:631,0
DA:633,0
DA:636,0
DA:639,0
DA:643,0
DA:644,0
DA:645,0
DA:646,0
DA:647,0
DA:648,0
DA:649,0
DA:651,0
DA:652,0
DA:653,0
DA:654,0
DA:655,0
DA:656,0
DA:660,0
DA:661,0
DA:666,0
DA:669,0
DA:670,0
DA:672,0
DA:673,0
DA:674,0
DA:675,0
DA:676,0
DA:677,0
DA:678,0
DA:682,0
DA:683,0
DA:684,0
DA:687,0
DA:688,0
DA:689,0
DA:690,0
DA:694,0
DA:697,0
DA:701,0
DA:702,0
DA:703,0
DA:705,0
DA:706,0
DA:707,0
DA:708,0
DA:709,0
DA:710,0
DA:712,0
DA:713,0
DA:715,0
DA:716,0
DA:721,0
DA:725,0
DA:726,0
DA:727,0
DA:728,0
DA:729,0
LF:462
LH:0
BRDA:4,0,0,0
BRDA:4,0,1,0
BRDA:4,1,0,0
BRDA:4,1,1,0
BRDA:4,1,2,0
BRDA:4,1,3,0
BRDA:20,2,0,0
BRDA:20,2,1,0
BRDA:21,3,0,0
BRDA:21,3,1,0
BRDA:31,4,0,0
BRDA:31,4,1,0
BRDA:46,5,0,0
BRDA:46,5,1,0
BRDA:46,6,0,0
BRDA:46,6,1,0
BRDA:70,7,0,0
BRDA:70,7,1,0
BRDA:77,8,0,0
BRDA:77,8,1,0
BRDA:77,9,0,0
BRDA:77,9,1,0
BRDA:89,10,0,0
BRDA:89,10,1,0
BRDA:89,11,0,0
BRDA:89,11,1,0
BRDA:94,12,0,0
BRDA:94,12,1,0
BRDA:100,13,0,0
BRDA:100,13,1,0
BRDA:103,14,0,0
BRDA:103,14,1,0
BRDA:108,15,0,0
BRDA:108,15,1,0
BRDA:108,16,0,0
BRDA:108,16,1,0
BRDA:108,16,2,0
BRDA:129,17,0,0
BRDA:129,17,1,0
BRDA:136,18,0,0
BRDA:136,18,1,0
BRDA:141,19,0,0
BRDA:141,19,1,0
BRDA:142,20,0,0
BRDA:142,20,1,0
BRDA:144,21,0,0
BRDA:144,21,1,0
BRDA:144,21,2,0
BRDA:144,21,3,0
BRDA:144,21,4,0
BRDA:144,21,5,0
BRDA:144,21,6,0
BRDA:146,22,0,0
BRDA:146,22,1,0
BRDA:146,23,0,0
BRDA:146,23,1,0
BRDA:148,24,0,0
BRDA:148,24,1,0
BRDA:148,25,0,0
BRDA:148,25,1,0
BRDA:150,26,0,0
BRDA:150,26,1,0
BRDA:150,27,0,0
BRDA:150,27,1,0
BRDA:152,28,0,0
BRDA:152,28,1,0
BRDA:152,29,0,0
BRDA:152,29,1,0
BRDA:154,30,0,0
BRDA:154,30,1,0
BRDA:154,31,0,0
BRDA:154,31,1,0
BRDA:162,32,0,0
BRDA:162,32,1,0
BRDA:165,33,0,0
BRDA:165,33,1,0
BRDA:175,34,0,0
BRDA:175,34,1,0
BRDA:180,35,0,0
BRDA:180,35,1,0
BRDA:181,36,0,0
BRDA:181,36,1,0
BRDA:188,37,0,0
BRDA:188,37,1,0
BRDA:188,38,0,0
BRDA:188,38,1,0
BRDA:192,39,0,0
BRDA:192,39,1,0
BRDA:194,40,0,0
BRDA:194,40,1,0
BRDA:195,41,0,0
BRDA:195,41,1,0
BRDA:196,42,0,0
BRDA:196,42,1,0
BRDA:197,43,0,0
BRDA:197,43,1,0
BRDA:198,44,0,0
BRDA:198,44,1,0
BRDA:204,45,0,0
BRDA:205,46,0,0
BRDA:205,46,1,0
BRDA:206,47,0,0
BRDA:206,47,1,0
BRDA:214,48,0,0
BRDA:214,48,1,0
BRDA:215,49,0,0
BRDA:215,49,1,0
BRDA:220,50,0,0
BRDA:220,50,1,0
BRDA:225,51,0,0
BRDA:225,51,1,0
BRDA:226,52,0,0
BRDA:226,52,1,0
BRDA:227,53,0,0
BRDA:227,53,1,0
BRDA:229,54,0,0
BRDA:229,54,1,0
BRDA:230,55,0,0
BRDA:230,55,1,0
BRDA:233,56,0,0
BRDA:233,56,1,0
BRDA:241,57,0,0
BRDA:241,57,1,0
BRDA:250,58,0,0
BRDA:250,58,1,0
BRDA:258,59,0,0
BRDA:258,59,1,0
BRDA:258,60,0,0
BRDA:258,60,1,0
BRDA:260,61,0,0
BRDA:260,61,1,0
BRDA:274,62,0,0
BRDA:274,62,1,0
BRDA:274,63,0,0
BRDA:274,63,1,0
BRDA:278,64,0,0
BRDA:278,64,1,0
BRDA:278,65,0,0
BRDA:278,65,1,0
BRDA:278,65,2,0
BRDA:280,66,0,0
BRDA:280,66,1,0
BRDA:280,67,0,0
BRDA:280,67,1,0
BRDA:296,68,0,0
BRDA:296,68,1,0
BRDA:309,69,0,0
BRDA:309,69,1,0
BRDA:310,70,0,0
BRDA:310,70,1,0
BRDA:325,71,0,0
BRDA:325,71,1,0
BRDA:325,72,0,0
BRDA:325,72,1,0
BRDA:377,73,0,0
BRDA:377,73,1,0
BRDA:400,74,0,0
BRDA:400,74,1,0
BRDA:411,75,0,0
BRDA:411,75,1,0
BRDA:413,76,0,0
BRDA:413,76,1,0
BRDA:415,77,0,0
BRDA:415,77,1,0
BRDA:422,78,0,0
BRDA:422,78,1,0
BRDA:430,79,0,0
BRDA:430,79,1,0
BRDA:436,80,0,0
BRDA:436,80,1,0
BRDA:439,81,0,0
BRDA:439,81,1,0
BRDA:452,82,0,0
BRDA:452,82,1,0
BRDA:459,83,0,0
BRDA:459,83,1,0
BRDA:460,84,0,0
BRDA:460,84,1,0
BRDA:461,85,0,0
BRDA:461,85,1,0
BRDA:463,86,0,0
BRDA:463,86,1,0
BRDA:464,87,0,0
BRDA:464,87,1,0
BRDA:465,88,0,0
BRDA:465,88,1,0
BRDA:467,89,0,0
BRDA:467,89,1,0
BRDA:468,90,0,0
BRDA:468,90,1,0
BRDA:469,91,0,0
BRDA:469,91,1,0
BRDA:471,92,0,0
BRDA:471,92,1,0
BRDA:471,93,0,0
BRDA:471,93,1,0
BRDA:472,94,0,0
BRDA:472,94,1,0
BRDA:474,95,0,0
BRDA:474,95,1,0
BRDA:477,96,0,0
BRDA:477,96,1,0
BRDA:478,97,0,0
BRDA:478,97,1,0
BRDA:479,98,0,0
BRDA:479,98,1,0
BRDA:480,99,0,0
BRDA:480,99,1,0
BRDA:482,100,0,0
BRDA:482,100,1,0
BRDA:483,101,0,0
BRDA:483,101,1,0
BRDA:485,102,0,0
BRDA:485,102,1,0
BRDA:485,103,0,0
BRDA:485,103,1,0
BRDA:490,104,0,0
BRDA:490,104,1,0
BRDA:490,104,2,0
BRDA:490,104,3,0
BRDA:491,105,0,0
BRDA:491,105,1,0
BRDA:493,106,0,0
BRDA:493,106,1,0
BRDA:493,107,0,0
BRDA:493,107,1,0
BRDA:504,108,0,0
BRDA:504,108,1,0
BRDA:505,109,0,0
BRDA:505,109,1,0
BRDA:509,110,0,0
BRDA:509,110,1,0
BRDA:510,111,0,0
BRDA:510,111,1,0
BRDA:511,112,0,0
BRDA:511,112,1,0
BRDA:512,113,0,0
BRDA:512,113,1,0
BRDA:513,114,0,0
BRDA:513,114,1,0
BRDA:522,115,0,0
BRDA:522,115,1,0
BRDA:528,116,0,0
BRDA:528,116,1,0
BRDA:531,117,0,0
BRDA:531,117,1,0
BRDA:534,118,0,0
BRDA:534,118,1,0
BRDA:543,119,0,0
BRDA:543,119,1,0
BRDA:567,120,0,0
BRDA:567,120,1,0
BRDA:575,121,0,0
BRDA:575,121,1,0
BRDA:577,122,0,0
BRDA:577,122,1,0
BRDA:578,123,0,0
BRDA:578,123,1,0
BRDA:585,124,0,0
BRDA:585,124,1,0
BRDA:595,125,0,0
BRDA:595,125,1,0
BRDA:595,126,0,0
BRDA:595,126,1,0
BRDA:596,127,0,0
BRDA:596,127,1,0
BRDA:604,128,0,0
BRDA:604,128,1,0
BRDA:605,129,0,0
BRDA:605,129,1,0
BRDA:609,130,0,0
BRDA:609,130,1,0
BRDA:609,131,0,0
BRDA:609,131,1,0
BRDA:610,132,0,0
BRDA:610,132,1,0
BRDA:610,133,0,0
BRDA:610,133,1,0
BRDA:627,134,0,0
BRDA:627,134,1,0
BRDA:652,135,0,0
BRDA:652,135,1,0
BRDA:653,136,0,0
BRDA:653,136,1,0
BRDA:654,137,0,0
BRDA:654,137,1,0
BRDA:655,138,0,0
BRDA:655,138,1,0
BRDA:656,139,0,0
BRDA:656,139,1,0
BRDA:670,140,0,0
BRDA:670,140,1,0
BRDA:676,141,0,0
BRDA:676,141,1,0
BRDA:676,142,0,0
BRDA:676,142,1,0
BRDA:707,143,0,0
BRDA:707,143,1,0
BRDA:707,144,0,0
BRDA:707,144,1,0
BRDA:707,144,2,0
BRF:301
BRH:0
end_of_record
TN:
SF:version-jquery/js/config.example.js
FNF:0
FNH:0
DA:4,0
DA:5,0
LF:2
LH:0
BRDA:4,0,0,0
BRDA:4,0,1,0
BRDA:5,1,0,0
BRDA:5,1,1,0
BRF:4
BRH:0
end_of_record
TN:
SF:version-jquery/js/config.js
FNF:0
FNH:0
DA:3,0
DA:4,0
LF:2
LH:0
BRDA:3,0,0,0
BRDA:3,0,1,0
BRDA:4,1,0,0
BRDA:4,1,1,0
BRF:4
BRH:0
end_of_record
TN:
SF:version-jquery/js/helpers.js
FN:4,(anonymous_0)
FN:16,(anonymous_1)
FN:28,(anonymous_2)
FNF:3
FNH:2
FNDA:1,(anonymous_0)
FNDA:6,(anonymous_1)
FNDA:0,(anonymous_2)
DA:4,1
DA:7,1
DA:16,1
DA:17,6
DA:18,6
DA:28,1
DA:29,0
DA:30,0
DA:31,0
DA:32,0
DA:36,1
DA:37,1
LF:12
LH:8
BRDA:28,0,0,0
BRDA:28,1,0,0
BRDA:30,2,0,0
BRDA:30,2,1,0
BRDA:31,3,0,0
BRDA:31,3,1,0
BRDA:36,4,0,1
BRDA:36,4,1,1
BRDA:37,5,0,1
BRDA:37,5,1,1
BRF:10
BRH:4
end_of_record
